
> frontend@0.1.0 start
> react-scripts start

[34mℹ[39m [90m｢wds｣[39m: Project is running at http://172.31.26.236/
[34mℹ[39m [90m｢wds｣[39m: webpack output is served from 
[34mℹ[39m [90m｢wds｣[39m: Content not from webpack is served from /home/ubuntu/sigtuple-application/sigtuple-frontend/public
[34mℹ[39m [90m｢wds｣[39m: 404s will fallback to /
Starting the development server...

Compiled with warnings.

src/Api.js
  Line 5:5:  'local' is assigned a value but never used  no-unused-vars

src/components/AboutUs.js
  Line 4:8:     'Stories' is defined but never used                                                                           no-unused-vars
  Line 5:20:    'getTeamCounts' is defined but never used                                                                     no-unused-vars
  Line 16:10:   'hoverText' is assigned a value but never used                                                                no-unused-vars
  Line 16:21:   'setHoverText' is assigned a value but never used                                                             no-unused-vars
  Line 49:6:    React Hook useEffect has a missing dependency: 'story'. Either include it or remove the dependency array      react-hooks/exhaustive-deps
  Line 82:6:    React Hook useEffect has a missing dependency: 'storyYear'. Either include it or remove the dependency array  react-hooks/exhaustive-deps
  Line 486:38:  Expected '===' and instead saw '=='                                                                           eqeqeq

src/components/App.js
  Line 15:50:  'Link' is defined but never used  no-unused-vars

src/components/BlogLists.js
  Line 14:25:  Expected '===' and instead saw '=='                                                                        eqeqeq
  Line 40:13:  img elements must have an alt prop, either with meaningful text, or an empty string for decorative images  jsx-a11y/alt-text

src/components/BookDemo.js
  Line 7:10:    'sendOtp' is defined but never used                                                                                                                                                              no-unused-vars
  Line 12:8:    'StepWizard' is defined but never used                                                                                                                                                           no-unused-vars
  Line 117:6:   React Hook useEffect has missing dependencies: 'meetingDetails', 'message', and 'userDetails'. Either include them or remove the dependency array                                                react-hooks/exhaustive-deps
  Line 163:21:  Redundant alt attribute. Screen-readers already announce `img` tags as an image. You don’t need to use the words `image`, `photo,` or `picture` (or any specified custom words) in the alt prop  jsx-a11y/img-redundant-alt

src/components/BookDemo/Step1.js
  Line 26:19:  'setCountry' is assigned a value but never used  no-unused-vars
  Line 69:31:  Unnecessary escape character: \"                 no-useless-escape
  Line 69:56:  Unnecessary escape character: \"                 no-useless-escape
  Line 69:65:  Unnecessary escape character: \"                 no-useless-escape
  Line 69:69:  Unnecessary escape character: \"                 no-useless-escape

src/components/BookDemo/Step2.js
  Line 5:10:   'date' is defined but never used                                                                                               no-unused-vars
  Line 48:21:  Array.prototype.map() expects a return value from arrow function                                                               array-callback-return
  Line 94:19:  Array.prototype.map() expects a return value from arrow function                                                               array-callback-return
  Line 102:6:  React Hook useEffect has missing dependencies: 'defaultValue' and 'slots'. Either include them or remove the dependency array  react-hooks/exhaustive-deps

src/components/BookDemo/Step3.js
  Line 4:10:  'useEffect' is defined but never used  no-unused-vars

src/components/BookDemo/Step4.js
  Line 1:10:   'useEffect' is defined but never used                                                                                                                                                                                                                                                                                                                             no-unused-vars
  Line 28:13:  The href attribute requires a valid value to be accessible. Provide a valid, navigable address as the href value. If you cannot provide a valid href, but still need the element to resemble a link, use a button and change it with appropriate styles. Learn more: https://github.com/evcohen/eslint-plugin-jsx-a11y/blob/master/docs/rules/anchor-is-valid.md  jsx-a11y/anchor-is-valid

src/components/Careers.js
  Line 52:9:    The href attribute requires a valid value to be accessible. Provide a valid, navigable address as the href value. If you cannot provide a valid href, but still need the element to resemble a link, use a button and change it with appropriate styles. Learn more: https://github.com/evcohen/eslint-plugin-jsx-a11y/blob/master/docs/rules/anchor-is-valid.md  jsx-a11y/anchor-is-valid
  Line 257:41:  Expected '===' and instead saw '=='                                                                                                                                                                                                                                                                                                                               eqeqeq
  Line 362:29:  img elements must have an alt prop, either with meaningful text, or an empty string for decorative images                                                                                                                                                                                                                                                         jsx-a11y/alt-text

src/components/Client.js
  Line 96:17:   img elements must have an alt prop, either with meaningful text, or an empty string for decorative images  jsx-a11y/alt-text
  Line 143:13:  img elements must have an alt prop, either with meaningful text, or an empty string for decorative images  jsx-a11y/alt-text

src/components/ContactUs.js
  Line 72:21:   The href attribute is required for an anchor to be keyboard accessible. Provide a valid, navigable address as the href value. If you cannot provide an href, but still need the element to resemble a link, use a button and change it with appropriate styles. Learn more: https://github.com/evcohen/eslint-plugin-jsx-a11y/blob/master/docs/rules/anchor-is-valid.md  jsx-a11y/anchor-is-valid
  Line 215:13:  <iframe> elements must have a unique title property                                                                                                                                                                                                                                                                                                                      jsx-a11y/iframe-has-title

src/components/ContactUs/Form.js
  Line 4:10:    'ToastContainer' is defined but never used  no-unused-vars
  Line 11:77:   Unnecessary escape character: \.            no-useless-escape
  Line 11:85:   Unnecessary escape character: \"            no-useless-escape
  Line 11:101:  Unnecessary escape character: \.            no-useless-escape
  Line 11:109:  Unnecessary escape character: \"            no-useless-escape
  Line 11:118:  Unnecessary escape character: \"            no-useless-escape
  Line 11:122:  Unnecessary escape character: \"            no-useless-escape
  Line 11:138:  Unnecessary escape character: \.            no-useless-escape
  Line 11:146:  Unnecessary escape character: \"            no-useless-escape
  Line 11:163:  Unnecessary escape character: \.            no-useless-escape
  Line 11:171:  Unnecessary escape character: \"            no-useless-escape

src/components/Footer.js
  Line 12:33:   The href attribute is required for an anchor to be keyboard accessible. Provide a valid, navigable address as the href value. If you cannot provide an href, but still need the element to resemble a link, use a button and change it with appropriate styles. Learn more: https://github.com/evcohen/eslint-plugin-jsx-a11y/blob/master/docs/rules/anchor-is-valid.md  jsx-a11y/anchor-is-valid
  Line 48:114:  img elements must have an alt prop, either with meaningful text, or an empty string for decorative images                                                                                                                                                                                                                                                                jsx-a11y/alt-text
  Line 49:157:  img elements must have an alt prop, either with meaningful text, or an empty string for decorative images                                                                                                                                                                                                                                                                jsx-a11y/alt-text
  Line 50:123:  img elements must have an alt prop, either with meaningful text, or an empty string for decorative images                                                                                                                                                                                                                                                                jsx-a11y/alt-text

src/components/Header.js
  Line 124:17:  img elements must have an alt prop, either with meaningful text, or an empty string for decorative images                                                                                                                                                                                                                                                                jsx-a11y/alt-text
  Line 147:13:  The href attribute is required for an anchor to be keyboard accessible. Provide a valid, navigable address as the href value. If you cannot provide an href, but still need the element to resemble a link, use a button and change it with appropriate styles. Learn more: https://github.com/evcohen/eslint-plugin-jsx-a11y/blob/master/docs/rules/anchor-is-valid.md  jsx-a11y/anchor-is-valid
  Line 283:21:  img elements must have an alt prop, either with meaningful text, or an empty string for decorative images                                                                                                                                                                                                                                                                jsx-a11y/alt-text
  Line 293:21:  img elements must have an alt prop, either with meaningful text, or an empty string for decorative images                                                                                                                                                                                                                                                                jsx-a11y/alt-text
  Line 304:21:  img elements must have an alt prop, either with meaningful text, or an empty string for decorative images                                                                                                                                                                                                                                                                jsx-a11y/alt-text

src/components/LandingPage.js
  Line 376:21:  img elements must have an alt prop, either with meaningful text, or an empty string for decorative images  jsx-a11y/alt-text
  Line 391:21:  img elements must have an alt prop, either with meaningful text, or an empty string for decorative images  jsx-a11y/alt-text

src/components/LandingPage/Awards.js
  Line 75:19:   Expected '===' and instead saw '=='                                                                        eqeqeq
  Line 105:11:  img elements must have an alt prop, either with meaningful text, or an empty string for decorative images  jsx-a11y/alt-text
  Line 114:11:  img elements must have an alt prop, either with meaningful text, or an empty string for decorative images  jsx-a11y/alt-text
  Line 123:11:  img elements must have an alt prop, either with meaningful text, or an empty string for decorative images  jsx-a11y/alt-text
  Line 132:11:  img elements must have an alt prop, either with meaningful text, or an empty string for decorative images  jsx-a11y/alt-text

src/components/LandingPage/MicroProduct.js
  Line 2:8:     'Slider' is defined but never used                                                                         no-unused-vars
  Line 10:9:    'ref' is assigned a value but never used                                                                   no-unused-vars
  Line 27:5:    Duplicate key 'display'                                                                                    no-dupe-keys
  Line 42:27:   Expected '===' and instead saw '=='                                                                        eqeqeq
  Line 46:5:    Duplicate key 'display'                                                                                    no-dupe-keys
  Line 51:9:    'setting_ai100' is assigned a value but never used                                                         no-unused-vars
  Line 59:19:   Expected '===' and instead saw '=='                                                                        eqeqeq
  Line 104:13:  img elements must have an alt prop, either with meaningful text, or an empty string for decorative images  jsx-a11y/alt-text
  Line 113:13:  img elements must have an alt prop, either with meaningful text, or an empty string for decorative images  jsx-a11y/alt-text
  Line 122:13:  img elements must have an alt prop, either with meaningful text, or an empty string for decorative images  jsx-a11y/alt-text

src/components/LandingPage/Reviews.js
  Line 136:6:  React Hook useEffect has a missing dependency: 'publication.length'. Either include it or remove the dependency array  react-hooks/exhaustive-deps

src/components/Products.js
  Line 4:8:    'Slider' is defined but never used                                                                                                                                                                                                                                 no-unused-vars
  Line 12:8:   '$' is defined but never used                                                                                                                                                                                                                                      no-unused-vars
  Line 19:10:  'currentSlide' is assigned a value but never used                                                                                                                                                                                                                  no-unused-vars
  Line 38:19:  The ref value 'parentRef.current' will likely have changed by the time this effect cleanup function runs. If this ref points to a node rendered by React, copy 'parentRef.current' to a variable inside the effect, and use that variable in the cleanup function  react-hooks/exhaustive-deps
  Line 86:12:  Expected '===' and instead saw '=='                                                                                                                                                                                                                                eqeqeq
  Line 93:7:   'slider_settings' is assigned a value but never used                                                                                                                                                                                                               no-unused-vars

src/components/ResearchPage.js
  Line 4:8:     'ReactPaginate' is defined but never used                                                                  no-unused-vars
  Line 22:10:   'dropDownYear' is assigned a value but never used                                                          no-unused-vars
  Line 23:10:   'selectYear' is assigned a value but never used                                                            no-unused-vars
  Line 23:22:   'setSeleteYear' is assigned a value but never used                                                         no-unused-vars
  Line 25:10:   'count' is assigned a value but never used                                                                 no-unused-vars
  Line 26:10:   'pageCount' is assigned a value but never used                                                             no-unused-vars
  Line 26:21:   'setPageCount' is assigned a value but never used                                                          no-unused-vars
  Line 160:9:   'getPublication' is assigned a value but never used                                                        no-unused-vars
  Line 170:9:   'getPublicationDetails' is assigned a value but never used                                                 no-unused-vars
  Line 194:15:  img elements must have an alt prop, either with meaningful text, or an empty string for decorative images  jsx-a11y/alt-text

src/components/ScrollToTop.js
  Line 12:6:  React Hook useEffect has a missing dependency: 'history'. Either include it or remove the dependency array  react-hooks/exhaustive-deps

src/components/ShonitPage.js
  Line 20:10:   'currentSlide' is assigned a value but never used                                                                                                                                                                                                                  no-unused-vars
  Line 77:19:   The ref value 'parentRef.current' will likely have changed by the time this effect cleanup function runs. If this ref points to a node rendered by React, copy 'parentRef.current' to a variable inside the effect, and use that variable in the cleanup function  react-hooks/exhaustive-deps
  Line 105:7:   'product_settings' is assigned a value but never used                                                                                                                                                                                                              no-unused-vars
  Line 223:21:  img elements must have an alt prop, either with meaningful text, or an empty string for decorative images                                                                                                                                                          jsx-a11y/alt-text
  Line 232:21:  img elements must have an alt prop, either with meaningful text, or an empty string for decorative images                                                                                                                                                          jsx-a11y/alt-text
  Line 241:21:  img elements must have an alt prop, either with meaningful text, or an empty string for decorative images                                                                                                                                                          jsx-a11y/alt-text
  Line 250:21:  img elements must have an alt prop, either with meaningful text, or an empty string for decorative images                                                                                                                                                          jsx-a11y/alt-text

src/components/ShravaPage.js
  Line 16:10:  'currentSlide' is assigned a value but never used                                                                                                                                                                                                                  no-unused-vars
  Line 74:19:  The ref value 'parentRef.current' will likely have changed by the time this effect cleanup function runs. If this ref points to a node rendered by React, copy 'parentRef.current' to a variable inside the effect, and use that variable in the cleanup function  react-hooks/exhaustive-deps
  Line 102:7:  'product_settings' is assigned a value but never used                                                                                                                                                                                                              no-unused-vars

Search for the keywords to learn more about each warning.
To ignore, add // eslint-disable-next-line to the line before.

