
 Project information

[90m┌────────────────────[39m[90m┬──────────────────────────────────────────────────┐[39m
[90m│[39m Time               [90m│[39m Mon Nov 29 2021 08:01:57 GMT+0000 (Coordinated … [90m│[39m
[90m│[39m Launched in        [90m│[39m 6349 ms                                          [90m│[39m
[90m│[39m Environment        [90m│[39m development                                      [90m│[39m
[90m│[39m Process PID        [90m│[39m 12660                                            [90m│[39m
[90m│[39m Version            [90m│[39m 3.6.6 (node v14.17.2)                            [90m│[39m
[90m│[39m Edition            [90m│[39m Community                                        [90m│[39m
[90m└────────────────────[39m[90m┴──────────────────────────────────────────────────┘[39m

 Actions available

Welcome back!
To manage your project 🚀, go to the administration panel at:
http://localhost:1337/admin

To access the server ⚡️, go to:
http://localhost:1337

[2021-11-29T08:02:15.210Z] debug GET index.html (21 ms) 200
[2021-11-29T08:02:15.520Z] debug GET /assets/images/logo_login.png (8 ms) 200
[2021-11-29T08:02:17.222Z] debug GET /admin (1 ms) 200
[2021-11-29T08:02:17.506Z] debug GET /admin/main.ee3d694b.chunk.js (2 ms) 200
[2021-11-29T08:02:17.513Z] debug GET /admin/runtime~main.e591ad3f.js (1 ms) 200
[2021-11-29T08:02:23.862Z] debug GET /admin/init (4 ms) 200
[2021-11-29T08:02:24.447Z] debug GET /admin/842e7845f3f8e943ff712a39617b6b70.svg (2 ms) 200
[2021-11-29T08:02:24.710Z] debug GET /admin/a6069540692725c247f13984a9598a92.woff2 (3 ms) 200
[2021-11-29T08:02:24.731Z] debug GET /admin/75614cfcfedd509b1f7ac1c26c53bb7f.woff2 (1 ms) 200
[2021-11-29T08:02:24.740Z] debug GET /admin/21b3848a32fce5b0f5014948186f6964.woff2 (1 ms) 200
[2021-11-29T08:02:24.746Z] debug GET /admin/07109cdae9f760e8d97c89788c9dc9df.png (1 ms) 200
[2021-11-29T08:22:58.243Z] debug GET /videos?type_eq=Presentation (7 ms) 404
[2021-11-29T08:22:58.245Z] debug GET /videos?type_eq=Shonit (4 ms) 404
[2021-11-29T08:22:58.249Z] debug GET /videos?type_eq=Shrava (2 ms) 404
[2021-11-29T08:22:58.335Z] debug GET /clients (83 ms) 200
[2021-11-29T08:22:58.363Z] debug GET /blogs?_limit=5 (103 ms) 200
[2021-11-29T08:22:59.267Z] debug GET /publications?_sort=updated_at:desc&_limit=10 (20 ms) 200
[2021-11-29T08:23:52.395Z] debug GET /videos?type_eq=Presentation (1 ms) 404
[2021-11-29T08:23:52.399Z] debug GET /videos?type_eq=Shonit (2 ms) 404
[2021-11-29T08:23:52.411Z] debug GET /videos?type_eq=Shrava (10 ms) 404
[2021-11-29T08:23:52.450Z] debug GET /publications?_sort=updated_at:desc&_limit=10 (44 ms) 200
[2021-11-29T08:23:52.458Z] debug GET /clients (55 ms) 200
[2021-11-29T08:23:52.463Z] debug GET /blogs?_limit=5 (49 ms) 200
[2021-11-29T08:24:07.241Z] debug GET /videos?type_eq=Shonit (3 ms) 404
[2021-11-29T08:24:07.245Z] debug GET /clients (22 ms) 200
[2021-11-29T08:29:06.345Z] debug GET /videos?type_eq=Shonit (3 ms) 404
[2021-11-29T08:29:06.360Z] debug GET /clients (24 ms) 200
[2021-11-29T08:29:10.977Z] debug GET /videos?type_eq=Presentation (4 ms) 404
[2021-11-29T08:29:10.978Z] debug GET /videos?type_eq=Shonit (3 ms) 404
[2021-11-29T08:29:10.982Z] debug GET /videos?type_eq=Shrava (1 ms) 404
[2021-11-29T08:29:11.328Z] debug GET /publications?_sort=updated_at:desc&_limit=10 (87 ms) 200
[2021-11-29T08:29:11.384Z] debug GET /blogs?_limit=5 (139 ms) 200
[2021-11-29T08:29:11.389Z] debug GET /clients (137 ms) 200
[2021-11-29T08:43:20.089Z] debug GET /videos?type_eq=Shrava (3 ms) 404
[2021-11-29T08:43:20.096Z] debug GET /videos?type_eq=Shonit (4 ms) 404
[2021-11-29T08:43:20.104Z] debug GET /videos?type_eq=Presentation (9 ms) 404
[2021-11-29T08:43:20.147Z] debug GET /publications?_sort=updated_at:desc&_limit=10 (48 ms) 200
[2021-11-29T08:43:20.159Z] debug GET /clients (57 ms) 200
[2021-11-29T08:43:20.165Z] debug GET /blogs?_limit=5 (57 ms) 200
[2021-11-29T08:52:55.919Z] debug GET /videos?type_eq=Presentation (2 ms) 404
[2021-11-29T08:52:55.926Z] debug GET /videos?type_eq=Shonit (4 ms) 404
[2021-11-29T08:52:55.931Z] debug GET /videos?type_eq=Shrava (6 ms) 404
[2021-11-29T08:52:55.953Z] debug GET /publications?_sort=updated_at:desc&_limit=10 (25 ms) 200
[2021-11-29T08:52:55.986Z] debug GET /clients (29 ms) 200
[2021-11-29T08:52:55.998Z] debug GET /blogs?_limit=5 (32 ms) 200
[2021-11-29T08:53:13.858Z] debug GET /publications?_sort=updated_at:desc&_limit=6&publish_at_gte=2021-01-01&publish_at_lte=2021-12-31 (15 ms) 200
[2021-11-29T08:53:14.103Z] debug GET /publications/count?publish_at_gte=2021-01-01&publish_at_lte=2021-12-31 (9 ms) 200
[2021-11-29T08:54:08.094Z] debug GET index.html (17 ms) 200
[2021-11-29T08:54:08.427Z] debug GET /assets/images/logo_login.png (8 ms) 200
[2021-11-29T08:54:08.672Z] debug GET /favicon.ico (1 ms) 200
[2021-11-29T08:54:11.169Z] debug GET /admin (1 ms) 200
[2021-11-29T08:54:11.425Z] debug GET /admin/runtime~main.e591ad3f.js (10 ms) 200
[2021-11-29T08:54:11.636Z] debug GET /admin/main.ee3d694b.chunk.js (1 ms) 200
[2021-11-29T08:54:17.471Z] debug GET /admin/init (6 ms) 200
[2021-11-29T08:54:18.217Z] debug GET /admin/842e7845f3f8e943ff712a39617b6b70.svg (2 ms) 200
[2021-11-29T08:54:18.220Z] debug GET /admin/07109cdae9f760e8d97c89788c9dc9df.png (1 ms) 200
[2021-11-29T08:54:18.449Z] debug GET /admin/75614cfcfedd509b1f7ac1c26c53bb7f.woff2 (1 ms) 200
[2021-11-29T08:54:18.495Z] debug GET /admin/a6069540692725c247f13984a9598a92.woff2 (1 ms) 200
[2021-11-29T08:54:18.510Z] debug GET /admin/21b3848a32fce5b0f5014948186f6964.woff2 (1 ms) 200
[2021-11-29T08:56:14.893Z] debug GET /admin/ada6e6df937f7e5e8b790dfea07109b7.woff2 (1 ms) 200
[2021-11-29T08:56:17.855Z] debug POST /admin/login (179 ms) 200
[2021-11-29T08:56:18.204Z] debug GET /admin/information (53 ms) 200
[2021-11-29T08:56:18.272Z] debug GET /i18n/locales (65 ms) 200
[2021-11-29T08:56:18.497Z] debug GET /content-manager/content-types (53 ms) 200
[2021-11-29T08:56:18.850Z] debug GET /admin/users/me/permissions (66 ms) 200
[2021-11-29T08:56:19.148Z] debug GET /content-manager/components (24 ms) 200
[2021-11-29T08:56:19.357Z] debug GET /content-manager/content-types (203 ms) 200
[2021-11-29T08:56:19.390Z] debug GET /admin/6d20cff5b3255dd0078f935c34e2b882.woff2 (4 ms) 200
[2021-11-29T08:56:19.415Z] debug GET /admin/0063b2cc64d976ac36f211442466d0ac.png (2 ms) 200
[2021-11-29T08:56:19.427Z] debug GET /content-manager/content-types-settings (276 ms) 200
[2021-11-29T08:56:19.633Z] debug GET /admin/a4234d384f7c58f2f5f90cfb08cee1e1.png (1 ms) 200
[2021-11-29T08:56:19.635Z] debug GET /admin/f46a81c3d1d3a648af68cffd4d0bba1d.png (1 ms) 200
[2021-11-29T08:56:19.694Z] debug GET /admin/7b77ea7e971bd3774dac8db799dfcef7.png (1 ms) 200
[2021-11-29T08:56:19.855Z] debug GET /admin/3dd22e0349b2d2a7b7c998ad0bdb03df.png (2 ms) 200
[2021-11-29T08:56:19.909Z] debug GET /admin/f16ac9b228b18810dd7cd6313764c007.png (9 ms) 200
[2021-11-29T08:56:19.941Z] debug GET /content-manager/content-types (38 ms) 200
[2021-11-29T08:56:19.943Z] debug GET /admin/2fa5de8209723e8dc08c8aee4644da58.png (1 ms) 200
[2021-11-29T08:56:25.546Z] debug GET /content-manager/components (48 ms) 200
[2021-11-29T08:56:25.570Z] debug GET /content-manager/content-types (65 ms) 200
[2021-11-29T08:56:25.854Z] debug GET /content-manager/content-types/application::blogs.blogs/configuration (43 ms) 200
[2021-11-29T08:56:26.198Z] debug GET /content-manager/collection-types/application::blogs.blogs?page=1&pageSize=10&_sort=title:ASC (53 ms) 200
[2021-11-29T08:56:32.141Z] debug GET /content-manager/content-types/application::bookings.bookings/configuration (55 ms) 200
[2021-11-29T08:56:32.511Z] debug GET /content-manager/collection-types/application::bookings.bookings?page=1&pageSize=10&_sort=name:ASC (63 ms) 200
[2021-11-29T08:56:34.034Z] debug GET /content-manager/content-types/application::clients.clients/configuration (31 ms) 200
[2021-11-29T08:56:34.375Z] debug GET /content-manager/collection-types/application::clients.clients?page=1&pageSize=10&_sort=Username:ASC (36 ms) 200
[2021-11-29T08:57:08.147Z] debug GET /videos?type_eq=Presentation (2 ms) 404
[2021-11-29T08:57:08.151Z] debug GET /videos?type_eq=Shonit (1 ms) 404
[2021-11-29T08:57:08.177Z] debug GET /videos?type_eq=Shrava (1 ms) 404
[2021-11-29T08:57:08.198Z] debug GET /publications?_sort=updated_at:desc&_limit=10 (16 ms) 200
[2021-11-29T08:57:08.237Z] debug GET /clients (33 ms) 200
[2021-11-29T08:57:08.242Z] debug GET /blogs?_limit=5 (34 ms) 200
[2021-11-29T08:57:18.474Z] debug GET /content-manager/collection-types/application::clients.clients/1 (56 ms) 200
[2021-11-29T08:57:42.120Z] debug GET /content-manager/content-types/application::faq.faq/configuration (35 ms) 200
[2021-11-29T08:57:42.452Z] debug GET /content-manager/collection-types/application::faq.faq?page=1&pageSize=10&_sort=title:ASC (34 ms) 200
[2021-11-29T08:57:50.100Z] debug GET /content-manager/collection-types/application::faq.faq?page=1&pageSize=50&_sort=title:ASC (48 ms) 200
[2021-11-29T08:58:05.631Z] debug GET /content-manager/collection-types/application::blogs.blogs?page=1&pageSize=10&_sort=title:ASC (49 ms) 200
[2021-11-29T08:58:07.923Z] debug GET /content-manager/collection-types/application::bookings.bookings?page=1&pageSize=10&_sort=name:ASC (42 ms) 200
[2021-11-29T08:58:09.760Z] debug GET /content-manager/collection-types/application::clients.clients?page=1&pageSize=10&_sort=Username:ASC (46 ms) 200
[2021-11-29T08:58:11.374Z] debug GET /content-manager/content-types/application::contactus.contactus/configuration (30 ms) 200
[2021-11-29T08:58:11.650Z] debug GET /content-manager/collection-types/application::contactus.contactus?page=1&pageSize=10&_sort=name:ASC (30 ms) 200
[2021-11-29T08:58:12.309Z] debug GET /content-manager/collection-types/application::faq.faq?page=1&pageSize=10&_sort=title:ASC (46 ms) 200
[2021-11-29T08:58:47.797Z] debug GET /upload/files/count? (127 ms) 200
[2021-11-29T08:58:47.803Z] debug GET /upload/files?_limit=10&_start=0&_sort=updated_at:DESC (126 ms) 200
[2021-11-29T08:58:48.429Z] debug GET /admin/plugins/https://sigtuple2021.s3.us-east-2.amazonaws.com/shonit_v6_3973953af0.mp4 (4 ms) 200
[2021-11-29T08:58:48.430Z] debug GET /admin/plugins/https://sigtuple2021.s3.us-east-2.amazonaws.com/shrava_v6_98703790b1.mp4 (2 ms) 200
[2021-11-29T08:58:48.654Z] debug GET /admin/plugins/https://sigtuple2021.s3.us-east-2.amazonaws.com/video_3a3b78ffb1.mp4 (2 ms) 200
[2021-11-29T08:58:48.696Z] debug GET /admin/plugins/https://sigtuple2021.s3.us-east-2.amazonaws.com/VID_20210818_WA_0001_e10ebd9926.mp4 (2 ms) 200
[2021-11-29T08:58:48.721Z] debug GET /admin/plugins/https://sigtuple2021.s3.us-east-2.amazonaws.com/shonit_v4_1efa00206a.mp4 (1 ms) 200
[2021-11-29T09:09:58.760Z] debug GET /upload/files?_limit=50&_start=0&_sort=updated_at:DESC (68 ms) 200
[2021-11-29T09:09:58.797Z] debug GET /upload/files/count? (65 ms) 200
[2021-11-29T09:11:39.791Z] debug GET /content-manager/components (32 ms) 200
[2021-11-29T09:11:39.815Z] debug GET /content-manager/content-types (51 ms) 200
[2021-11-29T09:11:40.151Z] debug GET /content-manager/content-types/application::blogs.blogs/configuration (47 ms) 200
[2021-11-29T09:11:40.520Z] debug GET /content-manager/collection-types/application::blogs.blogs?page=1&pageSize=10&_sort=title:ASC (47 ms) 200
[2021-11-29T09:17:34.522Z] debug GET /videos?type_eq=Presentation (2 ms) 404
[2021-11-29T09:17:34.555Z] debug GET /videos?type_eq=Shonit (9 ms) 404
[2021-11-29T09:17:34.555Z] debug GET /videos?type_eq=Shrava (7 ms) 404
[2021-11-29T09:17:34.585Z] debug GET /publications?_sort=updated_at:desc&_limit=10 (46 ms) 200
[2021-11-29T09:17:34.597Z] debug GET /clients (47 ms) 200
[2021-11-29T09:17:34.606Z] debug GET /blogs?_limit=5 (47 ms) 200
[2021-11-29T09:18:45.132Z] debug GET /videos?type_eq=Presentation (2 ms) 404
[2021-11-29T09:18:45.135Z] debug GET /videos?type_eq=Shonit (1 ms) 404
[2021-11-29T09:18:45.142Z] debug GET /videos?type_eq=Shrava (1 ms) 404
[2021-11-29T09:18:45.174Z] debug GET /publications?_sort=updated_at:desc&_limit=10 (25 ms) 200
[2021-11-29T09:18:45.197Z] debug GET /clients (39 ms) 200
[2021-11-29T09:18:45.202Z] debug GET /blogs?_limit=5 (36 ms) 200
[2021-11-29T09:20:04.801Z] debug GET /videos?type_eq=Presentation (1 ms) 404
[2021-11-29T09:20:04.810Z] debug GET /videos?type_eq=Shonit (4 ms) 404
[2021-11-29T09:20:04.831Z] debug GET /videos?type_eq=Shrava (4 ms) 404
[2021-11-29T09:20:04.838Z] debug GET /publications?_sort=updated_at:desc&_limit=10 (25 ms) 200
[2021-11-29T09:20:04.861Z] debug GET /clients (18 ms) 200
[2021-11-29T09:20:04.882Z] debug GET /blogs?_limit=5 (17 ms) 200
[2021-11-29T09:20:06.177Z] debug GET /videos?type_eq=Presentation (1 ms) 404
[2021-11-29T09:20:06.181Z] debug GET /videos?type_eq=Shonit (2 ms) 404
[2021-11-29T09:20:06.185Z] debug GET /videos?type_eq=Shrava (0 ms) 404
[2021-11-29T09:20:06.215Z] debug GET /publications?_sort=updated_at:desc&_limit=10 (27 ms) 200
[2021-11-29T09:20:06.236Z] debug GET /clients (39 ms) 200
[2021-11-29T09:20:06.240Z] debug GET /blogs?_limit=5 (39 ms) 200
[2021-11-29T09:20:57.293Z] debug GET /publications?_sort=updated_at:desc&_limit=6&publish_at_gte=2021-01-01&publish_at_lte=2021-12-31 (15 ms) 200
[2021-11-29T09:20:57.545Z] debug GET /publications/count?publish_at_gte=2021-01-01&publish_at_lte=2021-12-31 (8 ms) 200
[2021-11-29T09:33:13.751Z] debug GET /stories?year_in=2014&year_in=2015&year_in=2016 (32 ms) 200
[2021-11-29T09:33:13.780Z] debug GET /teams?_sort=created_at:asc&_limit=5 (26 ms) 200
[2021-11-29T09:33:14.063Z] debug GET /videos?type_eq=Presentation (1 ms) 404
[2021-11-29T09:33:14.069Z] debug GET /videos?type_eq=Shonit (2 ms) 404
[2021-11-29T09:33:14.077Z] debug GET /videos?type_eq=Shrava (6 ms) 404
[2021-11-29T09:33:14.122Z] debug GET /publications?_sort=updated_at:desc&_limit=10 (49 ms) 200
[2021-11-29T09:33:14.143Z] debug GET /clients (64 ms) 200
[2021-11-29T09:33:14.148Z] debug GET /blogs?_limit=5 (63 ms) 200
[2021-11-29T09:34:07.754Z] debug GET /stories?year_in=2014&year_in=2015&year_in=2016 (17 ms) 200
[2021-11-29T09:34:07.999Z] debug GET /teams?_sort=created_at:asc&_limit=5 (22 ms) 200
[2021-11-29T09:34:08.147Z] debug GET /videos?type_eq=Presentation (1 ms) 404
[2021-11-29T09:34:08.161Z] debug GET /videos?type_eq=Shonit (5 ms) 404
[2021-11-29T09:34:08.181Z] debug GET /videos?type_eq=Shrava (15 ms) 404
[2021-11-29T09:34:08.209Z] debug GET /publications?_sort=updated_at:desc&_limit=10 (50 ms) 200
[2021-11-29T09:34:08.223Z] debug GET /clients (60 ms) 200
[2021-11-29T09:34:08.227Z] debug GET /blogs?_limit=5 (41 ms) 200
[2021-11-29T09:34:12.585Z] debug GET /videos?type_eq=Shonit (1 ms) 404
[2021-11-29T09:34:12.590Z] debug GET /videos?type_eq=Presentation (1 ms) 404
[2021-11-29T09:34:12.813Z] debug GET /videos?type_eq=Shrava (1 ms) 404
[2021-11-29T09:34:12.889Z] debug GET /publications?_sort=updated_at:desc&_limit=10 (65 ms) 200
[2021-11-29T09:34:12.900Z] debug GET /clients (63 ms) 200
[2021-11-29T09:34:12.914Z] debug GET /blogs?_limit=5 (53 ms) 200
[2021-11-29T09:35:07.335Z] debug GET /videos?type_eq=Presentation (6 ms) 404
[2021-11-29T09:35:07.343Z] debug GET /videos?type_eq=Shonit (6 ms) 404
[2021-11-29T09:35:07.345Z] debug GET /videos?type_eq=Shrava (5 ms) 404
[2021-11-29T09:35:07.348Z] debug GET /clients (32 ms) 200
[2021-11-29T09:35:07.370Z] debug GET /blogs?_limit=5 (38 ms) 200
[2021-11-29T09:35:07.383Z] debug GET /publications?_sort=updated_at:desc&_limit=10 (19 ms) 200
[2021-11-29T11:09:20.931Z] debug GET /videos?type_eq=Presentation (1 ms) 404
[2021-11-29T11:09:21.092Z] debug GET /videos?type_eq=Shonit (1 ms) 404
[2021-11-29T11:09:21.101Z] debug GET /videos?type_eq=Shrava (7 ms) 404
[2021-11-29T11:09:21.153Z] debug GET /publications?_sort=updated_at:desc&_limit=10 (41 ms) 200
[2021-11-29T11:09:21.157Z] debug GET /clients (53 ms) 200
[2021-11-29T11:09:21.169Z] debug GET /blogs?_limit=5 (62 ms) 200
[2021-11-29T11:17:24.902Z] debug GET index.html (11 ms) 200
[2021-11-29T13:10:49.397Z] debug GET /videos?type_eq=Presentation (1 ms) 404
[2021-11-29T13:10:49.404Z] debug GET /videos?type_eq=Shonit (1 ms) 404
[2021-11-29T13:10:49.409Z] debug GET /videos?type_eq=Shrava (1 ms) 404
[2021-11-29T13:10:49.462Z] debug GET /publications?_sort=updated_at:desc&_limit=10 (39 ms) 200
[2021-11-29T13:10:49.470Z] debug GET /blogs?_limit=5 (52 ms) 200
[2021-11-29T13:10:49.473Z] debug GET /clients (46 ms) 200
[2021-11-29T13:11:07.784Z] debug GET /videos?type_eq=Presentation (6 ms) 404
[2021-11-29T13:11:07.788Z] debug GET /videos?type_eq=Shonit (2 ms) 404
[2021-11-29T13:11:07.791Z] debug GET /videos?type_eq=Shrava (1 ms) 404
[2021-11-29T13:11:07.825Z] debug GET /publications?_sort=updated_at:desc&_limit=10 (28 ms) 200
[2021-11-29T13:11:07.831Z] debug GET /clients (38 ms) 200
[2021-11-29T13:11:07.849Z] debug GET /blogs?_limit=5 (34 ms) 200
[2021-11-29T13:34:55.798Z] debug GET /videos?type_eq=Presentation (1 ms) 404
[2021-11-29T13:34:55.805Z] debug GET /videos?type_eq=Shonit (2 ms) 404
[2021-11-29T13:34:55.824Z] debug GET /videos?type_eq=Shrava (3 ms) 404
[2021-11-29T13:34:55.853Z] debug GET /publications?_sort=updated_at:desc&_limit=10 (47 ms) 200
[2021-11-29T13:34:55.867Z] debug GET /clients (54 ms) 200
[2021-11-29T13:34:55.871Z] debug GET /blogs?_limit=5 (53 ms) 200
[2021-11-29T13:35:00.970Z] debug GET application:application/admin/plugins/content-manager/collectionType/application::blogs.blogs?page=1&pageSize=10&_sort=title:ASC (1 ms) 200
[2021-11-29T13:35:01.220Z] debug GET /admin/main.ee3d694b.chunk.js (2 ms) 200
[2021-11-29T13:35:01.464Z] debug GET /admin/runtime~main.e591ad3f.js (1 ms) 200
[2021-11-29T13:35:06.626Z] debug GET /videos?type_eq=Presentation (1 ms) 404
[2021-11-29T13:35:06.632Z] debug GET /videos?type_eq=Shonit (1 ms) 404
[2021-11-29T13:35:06.637Z] debug GET /videos?type_eq=Shrava (1 ms) 404
[2021-11-29T13:35:06.690Z] debug GET /publications?_sort=updated_at:desc&_limit=10 (41 ms) 200
[2021-11-29T13:35:06.694Z] debug GET /clients (49 ms) 200
[2021-11-29T13:35:06.710Z] debug GET /blogs?_limit=5 (45 ms) 200
[2021-11-29T13:35:19.862Z] debug POST /admin/renew-token (77 ms) 200
[2021-11-29T13:35:19.864Z] debug GET /admin/init (85 ms) 200
[2021-11-29T13:35:25.376Z] debug GET /admin/75614cfcfedd509b1f7ac1c26c53bb7f.woff2 (2 ms) 200
[2021-11-29T13:35:25.412Z] debug GET /content-manager/content-types (40 ms) 200
[2021-11-29T13:35:25.473Z] debug GET /admin/information (91 ms) 200
[2021-11-29T13:35:25.482Z] debug GET /i18n/locales (102 ms) 200
[2021-11-29T13:35:25.756Z] debug GET /admin/users/me/permissions (32 ms) 200
[2021-11-29T13:35:25.857Z] debug GET /admin/21b3848a32fce5b0f5014948186f6964.woff2 (1 ms) 200
[2021-11-29T13:35:26.203Z] debug GET /content-manager/components (142 ms) 200
[2021-11-29T13:35:26.264Z] debug GET /content-manager/content-types-settings (197 ms) 200
[2021-11-29T13:35:26.317Z] debug GET /content-manager/content-types (20 ms) 200
[2021-11-29T13:35:26.576Z] debug GET /content-manager/content-types (23 ms) 200
[2021-11-29T13:35:26.606Z] debug GET /content-manager/content-types/application::blogs.blogs/configuration (29 ms) 200
[2021-11-29T13:35:26.884Z] debug GET /admin/0063b2cc64d976ac36f211442466d0ac.png (2 ms) 200
[2021-11-29T13:35:26.905Z] debug GET /admin/6d20cff5b3255dd0078f935c34e2b882.woff2 (2 ms) 200
[2021-11-29T13:35:26.935Z] debug GET /content-manager/collection-types/application::blogs.blogs?page=1&pageSize=10&_sort=title:ASC (38 ms) 200
[2021-11-29T13:35:26.946Z] debug GET /admin/a6069540692725c247f13984a9598a92.woff2 (1 ms) 200
[2021-11-29T13:35:27.124Z] debug GET /admin/ada6e6df937f7e5e8b790dfea07109b7.woff2 (1 ms) 200
[2021-11-29T13:37:12.085Z] debug GET /content-manager/content-types/application::teams.teams/configuration (29 ms) 200
[2021-11-29T13:37:12.469Z] debug GET /content-manager/collection-types/application::teams.teams?page=1&pageSize=10&_sort=name:ASC (41 ms) 200
[2021-11-29T13:37:21.591Z] debug GET /content-manager/collection-types/application::teams.teams/2 (40 ms) 200
[2021-11-29T13:37:25.480Z] debug GET /upload/files?_limit=10&_start=0&_sort=updated_at%3ADESC (29 ms) 200
[2021-11-29T13:37:25.733Z] debug GET /upload/files/count? (33 ms) 200
[2021-11-29T13:37:38.367Z] debug POST /upload (766 ms) 200
[2021-11-29T13:37:38.647Z] debug GET /upload/files/count? (29 ms) 200
[2021-11-29T13:37:38.707Z] debug GET /upload/files?_limit=10&_start=0&_sort=updated_at%3ADESC (83 ms) 200
[2021-11-29T13:37:46.659Z] debug PUT /content-manager/collection-types/application::teams.teams/2 (129 ms) 200
[2021-11-29T13:37:55.938Z] debug PUT /content-manager/collection-types/application::teams.teams/2 (93 ms) 200
[2021-11-29T13:38:02.281Z] debug GET /teams?_sort=created_at:asc&_limit=5 (46 ms) 200
[2021-11-29T13:38:02.284Z] debug GET /stories?year_in=2014&year_in=2015&year_in=2016 (44 ms) 200
[2021-11-29T13:39:11.034Z] debug GET /upload/files?_limit=10&_start=0&_sort=updated_at%3ADESC (48 ms) 200
[2021-11-29T13:39:11.056Z] debug GET /upload/files/count? (60 ms) 200
[2021-11-29T13:39:23.804Z] debug POST /upload (701 ms) 200
[2021-11-29T13:39:24.078Z] debug GET /upload/files/count? (25 ms) 200
[2021-11-29T13:39:24.139Z] debug GET /upload/files?_limit=10&_start=0&_sort=updated_at%3ADESC (65 ms) 200
[2021-11-29T13:39:27.063Z] debug PUT /content-manager/collection-types/application::teams.teams/2 (89 ms) 200
[2021-11-29T13:39:32.292Z] debug GET /teams?_sort=created_at:asc&_limit=5 (42 ms) 200
[2021-11-29T13:39:32.297Z] debug GET /stories?year_in=2014&year_in=2015&year_in=2016 (43 ms) 200
[2021-11-29T13:41:30.099Z] debug GET /content-manager/collection-types/application::teams.teams?page=1&pageSize=10&_sort=name:ASC (40 ms) 200
[2021-11-29T13:41:33.603Z] debug GET /content-manager/collection-types/application::teams.teams/5 (42 ms) 200
[2021-11-29T13:41:36.869Z] debug GET /upload/files?_limit=10&_start=0&_sort=updated_at%3ADESC (40 ms) 200
[2021-11-29T13:41:37.090Z] debug GET /upload/files/count? (25 ms) 200
[2021-11-29T13:41:52.593Z] debug POST /upload (451 ms) 200
[2021-11-29T13:41:52.849Z] debug POST /upload (714 ms) 200
[2021-11-29T13:41:52.881Z] debug POST /upload (689 ms) 200
[2021-11-29T13:41:52.909Z] debug POST /upload (712 ms) 200
[2021-11-29T13:41:53.286Z] debug POST /upload (1085 ms) 200
[2021-11-29T13:41:53.580Z] debug GET /upload/files?_limit=10&_start=0&_sort=updated_at%3ADESC (47 ms) 200
[2021-11-29T13:41:53.582Z] debug GET /upload/files/count? (45 ms) 200
[2021-11-29T13:42:03.198Z] debug GET /upload/files?_limit=10&_start=0&_sort=updated_at%3ADESC (41 ms) 200
[2021-11-29T13:42:03.215Z] debug GET /upload/files/count? (52 ms) 200
[2021-11-29T13:42:12.835Z] debug PUT /content-manager/collection-types/application::teams.teams/5 (94 ms) 200
[2021-11-29T13:42:18.469Z] debug GET /content-manager/collection-types/application::teams.teams?page=1&pageSize=10&_sort=name:ASC (39 ms) 200
[2021-11-29T13:42:24.409Z] debug GET /content-manager/collection-types/application::teams.teams/9 (33 ms) 200
[2021-11-29T13:42:28.056Z] debug GET /upload/files?_limit=10&_start=0&_sort=updated_at%3ADESC (40 ms) 200
[2021-11-29T13:42:28.277Z] debug GET /upload/files/count? (26 ms) 200
[2021-11-29T13:42:37.771Z] debug PUT /content-manager/collection-types/application::teams.teams/9 (88 ms) 200
[2021-11-29T13:42:44.545Z] debug GET /content-manager/collection-types/application::teams.teams?page=1&pageSize=10&_sort=name:ASC (38 ms) 200
[2021-11-29T13:42:47.827Z] debug GET /content-manager/collection-types/application::teams.teams/3 (31 ms) 200
[2021-11-29T13:42:51.165Z] debug GET /upload/files/count? (171 ms) 200
[2021-11-29T13:42:51.170Z] debug GET /upload/files?_limit=10&_start=0&_sort=updated_at%3ADESC (173 ms) 200
[2021-11-29T13:42:55.601Z] debug PUT /content-manager/collection-types/application::teams.teams/3 (87 ms) 200
[2021-11-29T13:42:59.329Z] debug GET /content-manager/collection-types/application::teams.teams?page=1&pageSize=10&_sort=name:ASC (37 ms) 200
[2021-11-29T13:43:03.751Z] debug GET /content-manager/collection-types/application::teams.teams/8 (34 ms) 200
[2021-11-29T13:43:07.269Z] debug GET /upload/files?_limit=10&_start=0&_sort=updated_at%3ADESC (28 ms) 200
[2021-11-29T13:43:07.541Z] debug GET /upload/files/count? (56 ms) 200
[2021-11-29T13:43:12.431Z] debug PUT /content-manager/collection-types/application::teams.teams/8 (109 ms) 200
[2021-11-29T13:43:17.070Z] debug GET /content-manager/content-types/plugins::users-permissions.user/configuration (35 ms) 200
[2021-11-29T13:43:17.374Z] debug GET /content-manager/collection-types/plugins::users-permissions.user?page=1&pageSize=10&_sort=username:ASC (44 ms) 200
[2021-11-29T13:43:17.870Z] debug GET /content-manager/collection-types/application::teams.teams?page=1&pageSize=10&_sort=name:ASC (49 ms) 200
[2021-11-29T13:43:20.122Z] debug GET /content-manager/collection-types/application::teams.teams/7 (48 ms) 200
[2021-11-29T13:43:25.579Z] debug GET /upload/files/count? (40 ms) 200
[2021-11-29T13:43:25.604Z] debug GET /upload/files?_limit=10&_start=0&_sort=updated_at%3ADESC (27 ms) 200
[2021-11-29T13:43:33.434Z] debug PUT /content-manager/collection-types/application::teams.teams/7 (95 ms) 200
[2021-11-29T13:43:35.877Z] debug GET /content-manager/collection-types/application::teams.teams?page=1&pageSize=10&_sort=name:ASC (32 ms) 200
[2021-11-29T13:43:42.533Z] debug GET /stories?year_in=2014&year_in=2015&year_in=2016 (17 ms) 200
[2021-11-29T13:43:42.567Z] debug GET /teams?_sort=created_at:asc&_limit=5 (18 ms) 200
[2021-11-29T13:43:55.242Z] debug GET /content-manager/content-types/application::story.story/configuration (56 ms) 200
[2021-11-29T13:43:55.559Z] debug GET /content-manager/collection-types/application::story.story?page=1&pageSize=10&_sort=year:ASC (63 ms) 200
[2021-11-29T13:44:03.028Z] debug GET /content-manager/collection-types/application::blogs.blogs?page=1&pageSize=10&_sort=title:ASC (49 ms) 200
[2021-11-29T13:44:09.016Z] debug GET /content-manager/collection-types/application::blogs.blogs/2 (68 ms) 200
[2021-11-29T13:45:28.849Z] debug GET /upload/files?_limit=10&_start=0&_sort=updated_at:DESC (94 ms) 200
[2021-11-29T13:45:28.852Z] debug GET /upload/files/count? (85 ms) 200
[2021-11-29T13:45:42.378Z] debug POST /upload (1966 ms) 200
[2021-11-29T13:45:42.407Z] debug POST /upload (1990 ms) 200
[2021-11-29T13:45:42.564Z] debug POST /upload (2109 ms) 200
[2021-11-29T13:45:43.663Z] debug GET /upload/files/count? (24 ms) 200
[2021-11-29T13:45:43.700Z] debug GET /upload/files?_limit=10&_start=0&_sort=updated_at:DESC (30 ms) 200
[2021-11-29T13:46:07.930Z] debug POST /upload (1674 ms) 200
[2021-11-29T13:46:08.498Z] debug GET /upload/files?_limit=10&_start=0&_sort=updated_at:DESC (26 ms) 200
[2021-11-29T13:46:08.746Z] debug GET /upload/files/count? (46 ms) 200
[2021-11-29T13:46:09.195Z] debug GET /content-manager/components (32 ms) 200
[2021-11-29T13:46:09.240Z] debug GET /content-manager/content-types (73 ms) 200
[2021-11-29T13:46:09.507Z] debug GET /content-manager/content-types/application::blogs.blogs/configuration (28 ms) 200
[2021-11-29T13:46:09.789Z] debug GET /content-manager/collection-types/application::blogs.blogs?page=1&pageSize=10&_sort=title:ASC (40 ms) 200
[2021-11-29T13:46:11.519Z] debug GET /content-manager/collection-types/application::blogs.blogs/2 (34 ms) 200
[2021-11-29T13:46:14.782Z] debug GET /upload/files?_limit=10&_start=0&_sort=updated_at%3ADESC (30 ms) 200
[2021-11-29T13:46:14.993Z] debug GET /upload/files/count? (27 ms) 200
[2021-11-29T13:46:22.837Z] debug PUT /content-manager/collection-types/application::blogs.blogs/2 (111 ms) 200
[2021-11-29T13:46:23.964Z] debug GET /content-manager/collection-types/application::blogs.blogs?page=1&pageSize=10&_sort=title:ASC (32 ms) 200
[2021-11-29T13:46:26.643Z] debug GET /content-manager/collection-types/application::blogs.blogs/1 (53 ms) 200
[2021-11-29T13:46:31.964Z] debug GET /upload/files/count? (28 ms) 200
[2021-11-29T13:46:32.159Z] debug GET /upload/files?_limit=10&_start=0&_sort=updated_at%3ADESC (38 ms) 200
[2021-11-29T13:46:37.734Z] debug PUT /content-manager/collection-types/application::blogs.blogs/1 (114 ms) 200
[2021-11-29T13:46:39.314Z] debug GET /content-manager/collection-types/application::blogs.blogs?page=1&pageSize=10&_sort=title:ASC (31 ms) 200
[2021-11-29T13:46:41.578Z] debug GET /content-manager/collection-types/application::blogs.blogs/4 (117 ms) 200
[2021-11-29T13:46:45.086Z] debug GET /upload/files?_limit=10&_start=0&_sort=updated_at%3ADESC (28 ms) 200
[2021-11-29T13:46:45.304Z] debug GET /upload/files/count? (33 ms) 200
[2021-11-29T13:46:49.504Z] debug PUT /content-manager/collection-types/application::blogs.blogs/4 (96 ms) 200
[2021-11-29T13:46:50.933Z] debug GET /content-manager/collection-types/application::blogs.blogs?page=1&pageSize=10&_sort=title:ASC (37 ms) 200
[2021-11-29T13:46:52.684Z] debug GET /content-manager/collection-types/application::blogs.blogs/3 (30 ms) 200
[2021-11-29T13:46:55.727Z] debug GET /upload/files?_limit=10&_start=0&_sort=updated_at%3ADESC (24 ms) 200
[2021-11-29T13:46:55.946Z] debug GET /upload/files/count? (20 ms) 200
[2021-11-29T13:47:01.547Z] debug PUT /content-manager/collection-types/application::blogs.blogs/3 (88 ms) 200
[2021-11-29T13:47:07.852Z] debug GET /videos?type_eq=Shonit (11 ms) 404
[2021-11-29T13:47:07.874Z] debug GET /videos?type_eq=Presentation (15 ms) 404
[2021-11-29T13:47:07.875Z] debug GET /videos?type_eq=Shrava (11 ms) 404
[2021-11-29T13:47:07.915Z] debug GET /publications?_sort=updated_at:desc&_limit=10 (53 ms) 200
[2021-11-29T13:47:07.929Z] debug GET /clients (63 ms) 200
[2021-11-29T13:47:07.936Z] debug GET /blogs?_limit=5 (39 ms) 200
[2021-11-29T13:48:13.900Z] debug GET /content-manager/content-types/application::clients.clients/configuration (30 ms) 200
[2021-11-29T13:48:14.206Z] debug GET /content-manager/collection-types/application::clients.clients?page=1&pageSize=10&_sort=Username:ASC (34 ms) 200
[2021-11-29T13:48:16.927Z] debug GET /upload/files?_limit=10&_start=0&_sort=updated_at:DESC (29 ms) 200
[2021-11-29T13:48:17.183Z] debug GET /upload/files/count? (32 ms) 200
[2021-11-29T13:48:34.053Z] debug POST /upload (140 ms) 200
[2021-11-29T13:48:34.303Z] debug POST /upload (343 ms) 200
[2021-11-29T13:48:34.872Z] debug GET /upload/files/count? (25 ms) 200
[2021-11-29T13:48:34.895Z] debug GET /upload/files?_limit=10&_start=0&_sort=updated_at:DESC (26 ms) 200
[2021-11-29T13:48:37.005Z] debug GET /content-manager/content-types (30 ms) 200
[2021-11-29T13:48:37.028Z] debug GET /content-manager/components (20 ms) 200
[2021-11-29T13:48:37.298Z] debug GET /content-manager/content-types/application::clients.clients/configuration (21 ms) 200
[2021-11-29T13:48:37.676Z] debug GET /content-manager/collection-types/application::clients.clients?page=1&pageSize=10&_sort=Username:ASC (107 ms) 200
[2021-11-29T13:48:39.591Z] debug GET /content-manager/collection-types/application::clients.clients/1 (29 ms) 200
[2021-11-29T13:48:43.039Z] debug GET /upload/files?_limit=10&_start=0&_sort=updated_at%3ADESC (23 ms) 200
[2021-11-29T13:48:43.280Z] debug GET /upload/files/count? (20 ms) 200
[2021-11-29T13:48:47.155Z] debug PUT /content-manager/collection-types/application::clients.clients/1 (90 ms) 200
[2021-11-29T13:48:50.810Z] debug GET /content-manager/collection-types/application::clients.clients?page=1&pageSize=10&_sort=Username:ASC (37 ms) 200
[2021-11-29T13:48:53.205Z] debug GET /content-manager/collection-types/application::clients.clients/2 (30 ms) 200
[2021-11-29T13:48:56.089Z] debug GET /upload/files?_limit=10&_start=0&_sort=updated_at%3ADESC (34 ms) 200
[2021-11-29T13:48:56.307Z] debug GET /upload/files/count? (21 ms) 200
[2021-11-29T13:49:01.870Z] debug PUT /content-manager/collection-types/application::clients.clients/2 (84 ms) 200
[2021-11-29T13:49:07.485Z] debug GET /videos?type_eq=Presentation (2 ms) 404
[2021-11-29T13:49:07.492Z] debug GET /videos?type_eq=Shrava (5 ms) 404
[2021-11-29T13:49:07.493Z] debug GET /videos?type_eq=Shonit (2 ms) 404
[2021-11-29T13:49:07.526Z] debug GET /publications?_sort=updated_at:desc&_limit=10 (30 ms) 200
[2021-11-29T13:49:07.539Z] debug GET /blogs?_limit=5 (38 ms) 200
[2021-11-29T13:49:07.541Z] debug GET /clients (35 ms) 200
[2021-11-29T13:51:48.880Z] debug GET /faqs?type_eq=general&_limit=5 (15 ms) 200
[2021-11-29T13:51:49.144Z] debug GET /faqs/count?type_eq=general (9 ms) 200
[2021-11-29T13:52:00.331Z] debug GET /openings (21 ms) 200
[2021-11-29T13:52:00.370Z] debug GET /teams?_sort=created_at:asc&_limit=5 (19 ms) 200
[2021-11-29T13:52:23.803Z] debug GET /blogs?_limit=10 (24 ms) 200
[2021-11-29T13:52:31.174Z] debug GET /publications?_sort=updated_at:desc&_limit=6&publish_at_gte=2021-01-01&publish_at_lte=2021-12-31 (12 ms) 200
[2021-11-29T13:52:31.451Z] debug GET /publications/count?publish_at_gte=2021-01-01&publish_at_lte=2021-12-31 (7 ms) 200
[2021-11-29T13:52:39.979Z] debug GET /videos?type_eq=Shrava (2 ms) 404
[2021-11-29T13:52:39.983Z] debug GET /clients (19 ms) 200
[2021-11-29T13:53:00.827Z] debug GET /upload/files?_limit=10&_start=0&_sort=updated_at:DESC (33 ms) 200
[2021-11-29T13:53:00.866Z] debug GET /upload/files/count? (44 ms) 200
[2021-11-29T13:53:05.623Z] debug GET /upload/files/count? (23 ms) 200
[2021-11-29T13:53:05.779Z] debug GET /upload/files?_limit=100&_start=0&_sort=updated_at:DESC (159 ms) 200
[2021-11-29T13:53:06.616Z] debug GET /admin/plugins/https://sigtuple2021.s3.us-east-2.amazonaws.com/shonit_v6_3973953af0.mp4 (2 ms) 200
[2021-11-29T13:53:06.631Z] debug GET /admin/plugins/https://sigtuple2021.s3.us-east-2.amazonaws.com/shrava_v6_98703790b1.mp4 (1 ms) 200
[2021-11-29T13:53:06.835Z] debug GET /admin/plugins/https://sigtuple2021.s3.us-east-2.amazonaws.com/video_3a3b78ffb1.mp4 (1 ms) 200
[2021-11-29T13:53:06.841Z] debug GET /admin/plugins/https://sigtuple2021.s3.us-east-2.amazonaws.com/VID_20210818_WA_0001_e10ebd9926.mp4 (4 ms) 200
[2021-11-29T13:53:06.845Z] debug GET /admin/plugins/https://sigtuple2021.s3.us-east-2.amazonaws.com/shonit_v4_1efa00206a.mp4 (1 ms) 200
[2021-11-29T13:54:09.958Z] debug GET /videos?type_eq=Shonit (6 ms) 404
[2021-11-29T13:54:09.962Z] debug GET /videos?type_eq=Presentation (1 ms) 404
[2021-11-29T13:54:09.979Z] debug GET /videos?type_eq=Shrava (6 ms) 404
[2021-11-29T13:54:10.014Z] debug GET /publications?_sort=updated_at:desc&_limit=10 (43 ms) 200
[2021-11-29T13:54:10.022Z] debug GET /blogs?_limit=5 (58 ms) 200
[2021-11-29T13:54:10.027Z] debug GET /clients (52 ms) 200
[2021-11-29T13:54:12.729Z] debug GET /videos?type_eq=Presentation (52 ms) 404
[2021-11-29T13:54:12.748Z] debug GET /videos?type_eq=Shonit (61 ms) 404
[2021-11-29T13:54:12.752Z] debug GET /videos?type_eq=Shrava (52 ms) 404
[2021-11-29T13:54:12.809Z] debug GET /publications?_sort=updated_at:desc&_limit=10 (100 ms) 200
[2021-11-29T13:54:12.813Z] debug GET /clients (153 ms) 200
[2021-11-29T13:54:12.816Z] debug GET /blogs?_limit=5 (112 ms) 200
[2021-11-29T13:56:43.735Z] debug GET /upload/files?_limit=10&_start=0&_sort=updated_at:DESC (35 ms) 200
[2021-11-29T13:56:43.755Z] debug GET /upload/files/count? (25 ms) 200
[2021-11-29T13:58:17.285Z] debug GET /videos?type_eq=Presentation (1 ms) 404
[2021-11-29T13:58:17.300Z] debug GET /videos?type_eq=Shrava (2 ms) 404
[2021-11-29T13:58:17.303Z] debug GET /videos?type_eq=Shonit (1 ms) 404
[2021-11-29T13:58:17.335Z] debug GET /publications?_sort=updated_at:desc&_limit=10 (18 ms) 200
[2021-11-29T13:58:17.350Z] debug GET /clients (19 ms) 200
[2021-11-29T13:58:17.373Z] debug GET /blogs?_limit=5 (17 ms) 200
[2021-11-29T13:59:38.658Z] debug GET /content-manager/components (24 ms) 200
[2021-11-29T13:59:38.703Z] debug GET /content-manager/content-types (22 ms) 200
[2021-11-29T13:59:39.028Z] debug GET /content-manager/content-types/application::blogs.blogs/configuration (58 ms) 200
[2021-11-29T13:59:39.341Z] debug GET /content-manager/collection-types/application::blogs.blogs?page=1&pageSize=10&_sort=title:ASC (39 ms) 200
[2021-11-29T14:00:24.672Z] debug GET /content-type-builder/components (26 ms) 200
[2021-11-29T14:00:24.871Z] debug GET /content-type-builder/content-types (22 ms) 200
[2021-11-29T14:00:24.910Z] debug GET /content-type-builder/reserved-names (31 ms) 200
[2021-11-29T14:00:25.178Z] debug GET /admin/0.1e34b9c4.chunk.js (2 ms) 200
[2021-11-29T14:00:35.537Z] debug GET /upload/files?_limit=10&_start=0&_sort=updated_at:DESC (33 ms) 200
[2021-11-29T14:00:35.557Z] debug GET /upload/files/count? (26 ms) 200
[2021-11-29T14:00:36.630Z] debug GET /content-type-builder/components (24 ms) 200
[2021-11-29T14:00:36.648Z] debug GET /content-type-builder/content-types (33 ms) 200
[2021-11-29T14:00:36.910Z] debug GET /content-type-builder/reserved-names (27 ms) 200
[2021-11-29T14:00:42.466Z] debug GET /upload/files?_limit=10&_start=0&_sort=updated_at:DESC (41 ms) 200
[2021-11-29T14:00:42.486Z] debug GET /upload/files/count? (49 ms) 200
[2021-11-29T14:00:44.025Z] debug GET /content-type-builder/components (37 ms) 200
[2021-11-29T14:00:44.040Z] debug GET /content-type-builder/content-types (48 ms) 200
[2021-11-29T14:00:44.233Z] debug GET /content-type-builder/reserved-names (21 ms) 200
[2021-11-29T14:00:56.318Z] debug GET /admin/6fa99a613e49ef745181ae511992bf0d.svg (2 ms) 200
[2021-11-29T14:00:56.321Z] debug GET /admin/e4202ad0171c05cbfd1e670ab43c94bc.svg (1 ms) 200
[2021-11-29T14:00:56.329Z] debug GET /admin/3478e10587b6b6437ee3158ec9cbd731.svg (1 ms) 200
[2021-11-29T14:00:56.332Z] debug GET /admin/0ead657ede622c3ce55f2a36c25573a3.svg (1 ms) 200
[2021-11-29T14:00:56.345Z] debug GET /admin/3b67ff56ed70db100e6a5d8810931de4.svg (0 ms) 200
[2021-11-29T14:00:56.351Z] debug GET /admin/139c7787110de0342b38be458f356d97.svg (1 ms) 200
[2021-11-29T14:01:12.083Z] debug GET /content-type-builder/components (23 ms) 200
[2021-11-29T14:01:12.107Z] debug GET /content-type-builder/content-types (21 ms) 200
[2021-11-29T14:01:12.160Z] debug GET /content-type-builder/reserved-names (20 ms) 200
[2021-11-29T14:01:30.733Z] debug GET /upload/settings (36 ms) 200
[2021-11-29T14:01:32.147Z] debug GET /i18n/iso-locales (20 ms) 200
[2021-11-29T14:01:32.388Z] debug GET /i18n/locales (24 ms) 200
[2021-11-29T14:01:34.402Z] debug GET /upload/settings (21 ms) 200
[2021-11-29T14:01:39.686Z] debug GET /content-type-builder/content-types (22 ms) 200
[2021-11-29T14:01:39.709Z] debug GET /content-type-builder/reserved-names (36 ms) 200
[2021-11-29T14:01:39.882Z] debug GET /content-type-builder/components (30 ms) 200
[2021-11-29T14:02:35.410Z] debug GET /content-manager/components (37 ms) 200
[2021-11-29T14:02:35.431Z] debug GET /content-manager/content-types (47 ms) 200
[2021-11-29T14:02:35.725Z] debug GET /content-manager/content-types/application::blogs.blogs/configuration (22 ms) 200
[2021-11-29T14:02:36.003Z] debug GET /content-manager/collection-types/application::blogs.blogs?page=1&pageSize=10&_sort=title:ASC (33 ms) 200
[2021-11-29T14:02:38.309Z] debug GET /content-type-builder/content-types (30 ms) 200
[2021-11-29T14:02:38.322Z] debug GET /content-type-builder/components (39 ms) 200
[2021-11-29T14:02:38.533Z] debug GET /content-type-builder/reserved-names (19 ms) 200
[2021-11-29T14:02:42.563Z] debug GET /upload/files?_limit=10&_start=0&_sort=updated_at:DESC (30 ms) 200
[2021-11-29T14:02:42.601Z] debug GET /upload/files/count? (59 ms) 200
[2021-11-29T14:02:44.558Z] debug GET /admin/92bd5c4c3a273ceae0d3f5d96e1ed052.png (1 ms) 200
[2021-11-29T14:02:56.344Z] debug GET /users-permissions/roles (29 ms) 200
[2021-11-29T14:03:00.932Z] debug GET /users-permissions/permissions (21 ms) 200
[2021-11-29T14:03:01.194Z] debug GET /users-permissions/routes (52 ms) 200
[2021-11-29T14:03:01.233Z] debug GET /users-permissions/policies (36 ms) 200
[2021-11-29T14:03:01.389Z] debug GET /users-permissions/roles/1 (187 ms) 200
[2021-11-29T14:03:09.409Z] debug GET /admin/users?pageSize=10&page=1&_sort=firstname%3AASC (29 ms) 200
[2021-11-29T14:03:16.877Z] debug GET /upload/settings (26 ms) 200
[2021-11-29T14:03:32.428Z] debug GET /content-manager/content-types (35 ms) 200
[2021-11-29T14:03:32.448Z] debug GET /content-manager/components (50 ms) 200
[2021-11-29T14:03:32.712Z] debug GET /content-manager/content-types/application::blogs.blogs/configuration (28 ms) 200
[2021-11-29T14:03:32.989Z] debug GET /content-manager/collection-types/application::blogs.blogs?page=1&pageSize=10&_sort=title:ASC (35 ms) 200
[2021-11-29T14:03:33.642Z] debug GET /content-type-builder/components (45 ms) 200
[2021-11-29T14:03:33.657Z] debug GET /content-type-builder/content-types (56 ms) 200
[2021-11-29T14:03:33.866Z] debug GET /content-type-builder/reserved-names (20 ms) 200
[2021-11-29T14:03:44.700Z] debug GET /upload/files?_limit=10&_start=0&_sort=updated_at:DESC (35 ms) 200
[2021-11-29T14:03:44.738Z] debug GET /upload/files/count? (63 ms) 200
[2021-11-29T14:03:53.230Z] debug GET /upload/settings (26 ms) 200
[2021-11-29T14:03:54.886Z] debug GET /i18n/iso-locales (21 ms) 200
[2021-11-29T14:03:55.142Z] debug GET /i18n/locales (27 ms) 200
[2021-11-29T14:03:56.893Z] debug GET /content-type-builder/content-types (20 ms) 200
[2021-11-29T14:03:56.914Z] debug GET /content-type-builder/components (19 ms) 200
[2021-11-29T14:03:57.183Z] debug GET /content-type-builder/reserved-names (21 ms) 200
[2021-11-29T14:04:02.190Z] debug GET /upload/files?_limit=10&_start=0&_sort=updated_at:DESC (43 ms) 200
[2021-11-29T14:04:02.386Z] debug GET /upload/files/count? (22 ms) 200
[2021-11-29T14:04:05.904Z] debug GET /admin/842e7845f3f8e943ff712a39617b6b70.svg (2 ms) 200
[2021-11-29T14:04:05.925Z] debug GET /admin/07109cdae9f760e8d97c89788c9dc9df.png (1 ms) 200
[2021-11-29T14:04:09.804Z] debug POST /admin/login (116 ms) 200
[2021-11-29T14:04:10.082Z] debug GET /admin/information (23 ms) 200
[2021-11-29T14:04:10.138Z] debug GET /content-manager/content-types-settings (74 ms) 200
[2021-11-29T14:04:10.304Z] debug GET /content-manager/components (18 ms) 200
[2021-11-29T14:04:10.345Z] debug GET /content-manager/content-types (38 ms) 200
[2021-11-29T14:04:10.376Z] debug GET /admin/users/me/permissions (65 ms) 200
[2021-11-29T14:04:10.589Z] debug GET /content-manager/content-types (20 ms) 200
[2021-11-29T14:04:10.697Z] debug GET /content-manager/content-types-settings (80 ms) 200
[2021-11-29T14:04:10.713Z] debug GET /content-manager/components (88 ms) 200
[2021-11-29T14:04:10.843Z] debug GET /content-manager/content-types (22 ms) 200
[2021-11-29T14:04:11.074Z] debug GET /admin/https://s3-us-west-2.amazonaws.com/strapi-video-help/create-first-content-type.mp4 (2 ms) 200
[2021-11-29T14:04:11.090Z] debug GET /content-manager/content-types (24 ms) 200
[2021-11-29T14:04:11.096Z] debug GET /admin/a4234d384f7c58f2f5f90cfb08cee1e1.png (3 ms) 200
[2021-11-29T14:04:11.097Z] debug GET /admin/f46a81c3d1d3a648af68cffd4d0bba1d.png (3 ms) 200
[2021-11-29T14:04:11.098Z] debug GET /admin/2fa5de8209723e8dc08c8aee4644da58.png (3 ms) 200
[2021-11-29T14:04:11.308Z] debug GET /admin/7b77ea7e971bd3774dac8db799dfcef7.png (1 ms) 200
[2021-11-29T14:04:11.318Z] debug GET /admin/f16ac9b228b18810dd7cd6313764c007.png (2 ms) 200
[2021-11-29T14:04:11.322Z] debug GET /admin/3dd22e0349b2d2a7b7c998ad0bdb03df.png (1 ms) 200
[2021-11-29T14:04:19.785Z] debug GET /content-type-builder/components (23 ms) 200
[2021-11-29T14:04:19.826Z] debug GET /content-type-builder/content-types (38 ms) 200
[2021-11-29T14:04:19.846Z] debug GET /content-type-builder/reserved-names (48 ms) 200
[2021-11-29T14:04:22.710Z] debug GET /upload/files/count? (199 ms) 200
[2021-11-29T14:04:22.723Z] debug GET /upload/files?_limit=10&_start=0&_sort=updated_at:DESC (208 ms) 200
[2021-11-29T14:04:24.915Z] debug GET /content-type-builder/components (27 ms) 200
[2021-11-29T14:04:24.929Z] debug GET /content-type-builder/content-types (36 ms) 200
[2021-11-29T14:04:25.177Z] debug GET /content-type-builder/reserved-names (24 ms) 200
[2021-11-29T14:05:38.617Z] debug GET /upload/files?_limit=10&_start=0&_sort=updated_at:DESC (69 ms) 200
[2021-11-29T14:05:38.621Z] debug GET /upload/files/count? (67 ms) 200
[2021-11-29T14:05:39.543Z] debug GET /content-type-builder/components (27 ms) 200
[2021-11-29T14:05:39.557Z] debug GET /content-type-builder/content-types (38 ms) 200
[2021-11-29T14:05:39.762Z] debug GET /content-type-builder/reserved-names (27 ms) 200
[2021-11-29T14:09:30.229Z] debug GET /content-manager/components (28 ms) 200
[2021-11-29T14:09:30.249Z] debug GET /content-manager/content-types (38 ms) 200
[2021-11-29T14:09:30.559Z] debug GET /content-manager/content-types/application::blogs.blogs/configuration (61 ms) 200
[2021-11-29T14:09:30.853Z] debug GET /content-manager/collection-types/application::blogs.blogs?page=1&pageSize=10&_sort=title:ASC (31 ms) 200
[2021-11-29T14:09:39.092Z] debug GET /content-type-builder/content-types (27 ms) 200
[2021-11-29T14:09:39.117Z] debug GET /content-type-builder/components (46 ms) 200
[2021-11-29T14:09:39.146Z] debug GET /content-type-builder/reserved-names (50 ms) 200
[2021-11-29T14:09:45.478Z] debug GET /upload/files?_limit=10&_start=0&_sort=updated_at:DESC (28 ms) 200
[2021-11-29T14:09:45.495Z] debug GET /upload/files/count? (22 ms) 200
[2021-11-29T14:09:46.189Z] debug GET /content-type-builder/components (42 ms) 200
[2021-11-29T14:09:46.203Z] debug GET /content-type-builder/content-types (42 ms) 200
[2021-11-29T14:09:46.389Z] debug GET /content-type-builder/reserved-names (18 ms) 200
[2021-11-29T14:09:50.474Z] debug GET /upload/files?_limit=10&_start=0&_sort=updated_at:DESC (26 ms) 200
[2021-11-29T14:09:50.495Z] debug GET /upload/files/count? (27 ms) 200
[2021-11-29T14:09:51.884Z] debug GET /content-type-builder/components (30 ms) 200
[2021-11-29T14:09:51.898Z] debug GET /content-type-builder/content-types (38 ms) 200
[2021-11-29T14:09:52.115Z] debug GET /content-type-builder/reserved-names (19 ms) 200
[2021-11-29T14:09:56.858Z] debug GET /upload/files/count? (40 ms) 200
[2021-11-29T14:09:56.873Z] debug GET /upload/files?_limit=10&_start=0&_sort=updated_at:DESC (52 ms) 200
[2021-11-29T14:09:57.549Z] debug GET /content-type-builder/components (27 ms) 200
[2021-11-29T14:09:57.563Z] debug GET /content-type-builder/content-types (38 ms) 200
[2021-11-29T14:09:57.786Z] debug GET /content-type-builder/reserved-names (22 ms) 200
[2021-11-29T14:10:01.605Z] debug GET /upload/files/count? (59 ms) 200
[2021-11-29T14:10:01.611Z] debug GET /upload/files?_limit=10&_start=0&_sort=updated_at:DESC (49 ms) 200
[2021-11-29T14:10:02.247Z] debug GET /content-type-builder/content-types (39 ms) 200
[2021-11-29T14:10:02.264Z] debug GET /content-type-builder/components (46 ms) 200
[2021-11-29T14:10:02.278Z] debug GET /content-type-builder/reserved-names (58 ms) 200
[2021-11-29T14:21:13.101Z] debug GET /content-type-builder/components (35 ms) 200
[2021-11-29T14:21:13.129Z] debug GET /content-type-builder/content-types (57 ms) 200
[2021-11-29T14:21:13.145Z] debug GET /content-type-builder/reserved-names (41 ms) 200
[2021-11-29T14:21:19.958Z] debug GET /content-manager/components (23 ms) 200
[2021-11-29T14:21:20.193Z] debug GET /content-manager/content-types (21 ms) 200
[2021-11-29T14:21:20.453Z] debug GET /content-manager/content-types/plugins::users-permissions.user/configuration (22 ms) 200
[2021-11-29T14:21:20.812Z] debug GET /content-manager/collection-types/plugins::users-permissions.user?page=1&pageSize=10&_sort=username:ASC (97 ms) 200
[2021-11-29T14:21:20.887Z] debug GET /content-type-builder/components (22 ms) 200
[2021-11-29T14:21:21.095Z] debug GET /content-type-builder/content-types (20 ms) 200
[2021-11-29T14:21:21.121Z] debug GET /content-type-builder/reserved-names (23 ms) 200
[2021-11-29T14:21:25.669Z] debug GET /content-manager/components (22 ms) 200
[2021-11-29T14:21:25.692Z] debug GET /content-manager/content-types (40 ms) 200
[2021-11-29T14:21:25.958Z] debug GET /content-manager/content-types/application::publication.publication/configuration (26 ms) 200
[2021-11-29T14:21:26.263Z] debug GET /content-manager/collection-types/application::publication.publication?page=1&pageSize=10&_sort=title:ASC (48 ms) 200
[2021-11-29T14:21:26.705Z] debug GET /content-type-builder/components (21 ms) 200
[2021-11-29T14:21:26.722Z] debug GET /content-type-builder/content-types (30 ms) 200
[2021-11-29T14:21:26.952Z] debug GET /content-type-builder/reserved-names (19 ms) 200
[2021-11-29T14:21:48.890Z] debug GET /content-manager/content-types (34 ms) 200
[2021-11-29T14:21:48.904Z] debug GET /content-manager/components (45 ms) 200
[2021-11-29T14:21:49.181Z] debug GET /content-manager/content-types/application::openings.openings/configuration (21 ms) 200
[2021-11-29T14:21:49.467Z] debug GET /content-manager/collection-types/application::openings.openings?page=1&pageSize=10&_sort=title:ASC (39 ms) 200
[2021-11-29T14:21:49.675Z] debug GET /content-type-builder/components (21 ms) 200
[2021-11-29T14:21:49.919Z] debug GET /content-type-builder/content-types (25 ms) 200
[2021-11-29T14:21:49.934Z] debug GET /content-type-builder/reserved-names (36 ms) 200
[2021-11-29T14:22:07.725Z] debug GET /content-manager/components (23 ms) 200
[2021-11-29T14:22:07.747Z] debug GET /content-manager/content-types (20 ms) 200
[2021-11-29T14:22:08.066Z] debug GET /content-manager/content-types/plugins::users-permissions.user/configuration (50 ms) 200
[2021-11-29T14:22:08.190Z] debug GET /content-type-builder/components (20 ms) 200
[2021-11-29T14:22:08.406Z] debug GET /content-type-builder/content-types (20 ms) 200
[2021-11-29T14:22:08.433Z] debug GET /content-type-builder/reserved-names (21 ms) 200
[2021-11-29T14:22:23.801Z] debug GET /content-manager/components (25 ms) 200
[2021-11-29T14:22:23.875Z] debug GET /content-manager/content-types (30 ms) 200
[2021-11-29T14:22:24.157Z] debug GET /content-manager/content-types/application::teams.teams/configuration (22 ms) 200
[2021-11-29T14:22:24.193Z] debug GET /content-type-builder/components (19 ms) 200
[2021-11-29T14:22:24.215Z] debug GET /content-type-builder/content-types (20 ms) 200
[2021-11-29T14:22:24.440Z] debug GET /content-type-builder/reserved-names (18 ms) 200
[2021-11-29T14:23:02.066Z] debug GET /content-manager/components (44 ms) 200
[2021-11-29T14:23:02.140Z] debug GET /content-manager/content-types (62 ms) 200
[2021-11-29T14:23:02.436Z] debug GET /content-manager/content-types/plugins::users-permissions.user/configuration (32 ms) 200
[2021-11-29T14:23:02.826Z] debug GET /content-manager/collection-types/plugins::users-permissions.user?page=1&pageSize=10&_sort=username:ASC (70 ms) 200
[2021-11-29T14:23:06.387Z] debug GET /content-manager/collection-types/plugins::users-permissions.user/1 (46 ms) 200
[2021-11-29T14:23:12.473Z] debug GET /content-manager/collection-types/plugins::users-permissions.user?page=1&pageSize=10&_sort=username:ASC (45 ms) 200
[2021-11-29T14:23:18.076Z] debug GET /content-manager/collection-types/plugins::users-permissions.user/1 (69 ms) 200
[2021-11-29T14:23:27.294Z] debug GET /content-manager/collection-types/plugins::users-permissions.user?page=1&pageSize=10&_sort=username:ASC (31 ms) 200
[2021-11-29T14:23:44.859Z] debug POST /content-manager/collection-types/plugins::users-permissions.user (285 ms) 201
[2021-11-29T14:23:45.322Z] debug GET /content-manager/collection-types/plugins::users-permissions.user/2 (31 ms) 200
[2021-11-29T14:24:08.406Z] debug POST /admin/login (114 ms) 400
[2021-11-29T14:24:18.720Z] debug POST /admin/login (114 ms) 200
[2021-11-29T14:24:19.063Z] debug GET /admin/information (30 ms) 200
[2021-11-29T14:24:19.353Z] debug GET /content-manager/content-types-settings (86 ms) 200
[2021-11-29T14:24:19.391Z] debug GET /content-manager/content-types (116 ms) 200
[2021-11-29T14:24:19.410Z] debug GET /content-manager/components (91 ms) 200
[2021-11-29T14:24:19.443Z] debug GET /admin/users/me/permissions (117 ms) 200
[2021-11-29T14:24:19.682Z] debug GET /content-manager/content-types (21 ms) 200
[2021-11-29T14:24:19.716Z] debug GET /content-manager/components (25 ms) 200
[2021-11-29T14:24:19.908Z] debug GET /content-manager/content-types-settings (208 ms) 200
[2021-11-29T14:24:19.940Z] debug GET /content-manager/content-types (21 ms) 200
[2021-11-29T14:24:20.034Z] debug GET /admin/https://s3-us-west-2.amazonaws.com/strapi-video-help/create-first-content-type.mp4 (4 ms) 200
[2021-11-29T14:24:20.040Z] debug GET /admin/https://s3-us-west-2.amazonaws.com/strapi-video-help/fill-data.mp4 (2 ms) 200
[2021-11-29T14:24:20.041Z] debug GET /admin/https://s3-us-west-2.amazonaws.com/strapi-video-help/access-fetch-api.mp4 (2 ms) 200
[2021-11-29T14:24:20.192Z] debug GET /admin/f46a81c3d1d3a648af68cffd4d0bba1d.png (2 ms) 200
[2021-11-29T14:24:20.210Z] debug GET /content-manager/content-types (24 ms) 200
[2021-11-29T14:24:20.406Z] debug GET /admin/7b77ea7e971bd3774dac8db799dfcef7.png (1 ms) 200
[2021-11-29T14:24:20.433Z] debug GET /admin/a4234d384f7c58f2f5f90cfb08cee1e1.png (2 ms) 200
[2021-11-29T14:24:20.457Z] debug GET /admin/2fa5de8209723e8dc08c8aee4644da58.png (1 ms) 200
[2021-11-29T14:24:20.498Z] debug GET /admin/f16ac9b228b18810dd7cd6313764c007.png (1 ms) 200
[2021-11-29T14:24:20.503Z] debug GET /admin/3dd22e0349b2d2a7b7c998ad0bdb03df.png (1 ms) 200
[2021-11-29T14:24:22.926Z] debug GET /content-manager/components (37 ms) 200
[2021-11-29T14:24:22.943Z] debug GET /content-manager/content-types (50 ms) 200
[2021-11-29T14:24:23.211Z] debug GET /content-manager/content-types/plugins::users-permissions.user/configuration (36 ms) 200
[2021-11-29T14:24:23.496Z] debug GET /content-manager/collection-types/plugins::users-permissions.user?page=1&pageSize=10&_sort=username:ASC (41 ms) 200
[2021-11-29T14:24:23.893Z] debug GET /admin/plugins/content-manager/collectionType/https://s3-us-west-2.amazonaws.com/strapi-video-help/fill-data.mp4 (2 ms) 200
[2021-11-29T14:24:23.894Z] debug GET /admin/plugins/content-manager/collectionType/https://s3-us-west-2.amazonaws.com/strapi-video-help/create-first-content-type.mp4 (2 ms) 200
[2021-11-29T14:24:23.900Z] debug GET /admin/plugins/content-manager/collectionType/https://s3-us-west-2.amazonaws.com/strapi-video-help/access-fetch-api.mp4 (1 ms) 200
[2021-11-29T14:24:47.873Z] debug GET /content-type-builder/components (24 ms) 200
[2021-11-29T14:24:48.091Z] debug GET /content-type-builder/content-types (22 ms) 200
[2021-11-29T14:24:48.126Z] debug GET /content-type-builder/reserved-names (32 ms) 200
[2021-11-29T14:24:59.221Z] debug GET /admin/users?pageSize=10&page=1&_sort=firstname%3AASC (28 ms) 200
[2021-11-29T14:25:01.972Z] debug GET /admin/users/2 (46 ms) 200
[2021-11-29T14:25:02.297Z] debug GET /admin/roles (32 ms) 200
[2021-11-29T14:25:25.463Z] debug GET /admin/roles (31 ms) 200
[2021-11-29T14:25:29.581Z] debug GET /admin/permissions?role=1 (103 ms) 200
[2021-11-29T14:25:29.793Z] debug GET /admin/roles/1 (90 ms) 200
[2021-11-29T14:25:29.891Z] debug GET /admin/roles/1/permissions (114 ms) 200
[2021-11-29T14:25:57.962Z] debug GET /admin/users?pageSize=10&page=1&_sort=firstname%3AASC (33 ms) 200
[2021-11-29T14:25:59.212Z] debug GET /admin/users/2 (31 ms) 200
[2021-11-29T14:25:59.531Z] debug GET /admin/roles (28 ms) 200
[2021-11-29T14:26:02.613Z] debug GET /users-permissions/roles (54 ms) 200
[2021-11-29T14:26:06.834Z] debug GET /users-permissions/providers (22 ms) 200
[2021-11-29T14:26:08.578Z] debug GET /users-permissions/email-templates (21 ms) 200
[2021-11-29T14:26:15.815Z] debug GET /users-permissions/advanced (36 ms) 200
[2021-11-29T14:26:22.924Z] debug GET /admin/users?pageSize=10&page=1&_sort=firstname%3AASC (30 ms) 200
[2021-11-29T14:26:26.721Z] debug GET /admin/users/1 (24 ms) 200
[2021-11-29T14:26:27.078Z] debug GET /admin/roles (79 ms) 200
[2021-11-29T14:26:33.872Z] debug GET /admin/roles (28 ms) 200
[2021-11-29T14:26:40.360Z] debug GET /admin/roles/1 (49 ms) 200
[2021-11-29T14:26:40.404Z] debug GET /admin/roles/1/permissions (39 ms) 200
[2021-11-29T14:26:40.436Z] debug GET /admin/permissions?role=1 (128 ms) 200
[2021-11-29T14:26:51.077Z] debug GET /admin/roles (28 ms) 200
[2021-11-29T14:26:53.368Z] debug GET /admin/permissions?role=1 (68 ms) 200
[2021-11-29T14:26:53.597Z] debug GET /admin/roles/1 (92 ms) 200
[2021-11-29T14:26:53.677Z] debug GET /admin/roles/1/permissions (119 ms) 200
[2021-11-29T14:26:58.412Z] debug GET /admin/roles (24 ms) 200
[2021-11-29T14:27:01.279Z] debug GET /admin/permissions?role=1 (63 ms) 200
[2021-11-29T14:27:01.457Z] debug GET /admin/roles/1 (24 ms) 200
[2021-11-29T14:27:01.552Z] debug GET /admin/roles/1/permissions (33 ms) 200
[2021-11-29T14:27:24.416Z] debug GET /admin/users?pageSize=10&page=1&_sort=firstname%3AASC (34 ms) 200
[2021-11-29T14:27:31.783Z] debug GET /admin/users/1 (28 ms) 200
[2021-11-29T14:27:32.113Z] debug GET /admin/roles (24 ms) 200
[2021-11-29T14:28:09.324Z] debug PUT /admin/users/1 (201 ms) 200
[2021-11-29T14:28:27.031Z] debug POST /admin/login (117 ms) 200
[2021-11-29T14:28:27.305Z] debug GET /admin/information (23 ms) 200
[2021-11-29T14:28:27.708Z] debug GET /content-manager/content-types-settings (203 ms) 200
[2021-11-29T14:28:27.741Z] debug GET /content-manager/content-types (196 ms) 200
[2021-11-29T14:28:27.756Z] debug GET /content-manager/components (209 ms) 200
[2021-11-29T14:28:27.780Z] debug GET /admin/users/me/permissions (230 ms) 200
[2021-11-29T14:28:27.996Z] debug GET /content-manager/content-types (22 ms) 200
[2021-11-29T14:28:28.048Z] debug GET /content-manager/components (22 ms) 200
[2021-11-29T14:28:28.099Z] debug GET /content-manager/content-types-settings (65 ms) 200
[2021-11-29T14:28:28.243Z] debug GET /content-manager/content-types (19 ms) 200
[2021-11-29T14:28:28.487Z] debug GET /admin/f16ac9b228b18810dd7cd6313764c007.png (6 ms) 200
[2021-11-29T14:28:28.488Z] debug GET /admin/2fa5de8209723e8dc08c8aee4644da58.png (5 ms) 200
[2021-11-29T14:28:28.489Z] debug GET /admin/f46a81c3d1d3a648af68cffd4d0bba1d.png (5 ms) 200
[2021-11-29T14:28:28.497Z] debug GET /admin/a4234d384f7c58f2f5f90cfb08cee1e1.png (7 ms) 200
[2021-11-29T14:28:28.516Z] debug GET /content-manager/content-types (23 ms) 200
[2021-11-29T14:28:28.703Z] debug GET /admin/7b77ea7e971bd3774dac8db799dfcef7.png (2 ms) 200
[2021-11-29T14:28:28.724Z] debug GET /admin/3dd22e0349b2d2a7b7c998ad0bdb03df.png (1 ms) 200
[2021-11-29T14:28:30.316Z] debug GET /content-type-builder/components (23 ms) 200
[2021-11-29T14:28:30.346Z] debug GET /content-type-builder/content-types (48 ms) 200
[2021-11-29T14:28:30.362Z] debug GET /content-type-builder/reserved-names (42 ms) 200
[2021-11-29T14:28:38.854Z] debug GET /admin/users?pageSize=10&page=1&_sort=firstname%3AASC (28 ms) 200
[2021-11-29T14:28:41.823Z] debug GET /admin/roles (28 ms) 200
[2021-11-29T14:28:47.682Z] debug GET /admin/roles/1 (112 ms) 200
[2021-11-29T14:28:47.710Z] debug GET /admin/roles/1/permissions (131 ms) 200
[2021-11-29T14:28:47.761Z] debug GET /admin/permissions?role=1 (187 ms) 200
[2021-11-29T14:30:05.213Z] info Uninstalling i18n...
[2021-11-29T14:30:45.412Z] debug GET /admin/list-plugins (6 ms) 200
[2021-11-29T14:30:46.284Z] debug GET /admin/main.ee3d694b.chunk.js (2 ms) 200
[2021-11-29T14:30:46.495Z] debug GET /admin/runtime~main.e591ad3f.js (1 ms) 200
[2021-11-29T14:30:52.438Z] debug POST /admin/renew-token (61 ms) 200
[2021-11-29T14:30:52.661Z] debug GET /admin/init (64 ms) 200
[2021-11-29T14:30:53.075Z] debug GET /admin/information (55 ms) 200
[2021-11-29T14:30:53.139Z] debug GET /i18n/locales (112 ms) 200
[2021-11-29T14:30:53.250Z] debug GET /admin/75614cfcfedd509b1f7ac1c26c53bb7f.woff2 (2 ms) 200
[2021-11-29T14:30:53.387Z] debug GET /content-manager/content-types (52 ms) 200
[2021-11-29T14:30:53.743Z] debug GET /admin/users/me/permissions (69 ms) 200
[2021-11-29T14:30:54.012Z] debug GET /admin/6fa99a613e49ef745181ae511992bf0d.svg (2 ms) 200
[2021-11-29T14:30:54.016Z] debug GET /admin/e4202ad0171c05cbfd1e670ab43c94bc.svg (1 ms) 200
[2021-11-29T14:30:54.273Z] debug GET /admin/a6069540692725c247f13984a9598a92.woff2 (28 ms) 200
[2021-11-29T14:30:54.317Z] debug GET /admin/21b3848a32fce5b0f5014948186f6964.woff2 (53 ms) 200
[2021-11-29T14:30:54.323Z] debug GET /admin/6d20cff5b3255dd0078f935c34e2b882.woff2 (23 ms) 200
[2021-11-29T14:30:54.324Z] debug GET /admin/ada6e6df937f7e5e8b790dfea07109b7.woff2 (20 ms) 200
[2021-11-29T14:30:54.346Z] debug GET /content-manager/content-types-settings (309 ms) 200
[2021-11-29T14:30:54.613Z] debug GET /admin/139c7787110de0342b38be458f356d97.svg (2 ms) 200
[2021-11-29T14:30:54.818Z] debug GET /admin/3b67ff56ed70db100e6a5d8810931de4.svg (1 ms) 200
[2021-11-29T14:30:54.884Z] debug GET /admin/0063b2cc64d976ac36f211442466d0ac.png (1 ms) 200
[2021-11-29T14:30:55.084Z] debug GET /admin/3478e10587b6b6437ee3158ec9cbd731.svg (3 ms) 200
[2021-11-29T14:30:55.155Z] debug GET /content-manager/content-types (95 ms) 200
[2021-11-29T14:30:55.163Z] debug GET /admin/0ead657ede622c3ce55f2a36c25573a3.svg (4 ms) 200
[2021-11-29T14:31:06.918Z] info Uninstalling i18n...
[2021-11-29T14:34:37.827Z] debug GET /admin/list-plugins (122699 ms) 200
[2021-11-29T14:34:38.060Z] debug GET index.html (158 ms) 200
[2021-11-29T14:34:38.082Z] debug GET index.html (164 ms) 200
[2021-11-29T14:34:38.362Z] error Error: Command failed: npm run strapi -- uninstall i18n -d
- Uninstalling dependencies
Command failed: yarn remove strapi-plugin-i18n
error This module isn't specified in a package.json file.

yarn remove v1.22.5
[1/2] Removing module strapi-plugin-i18n...
info Visit https://yarnpkg.com/en/docs/cli/remove for documentation about this command.



> backend@0.1.0 strapi
> strapi "uninstall" "i18n" "-d"


    at makeError (/home/ubuntu/sigtuple-backend/node_modules/execa/index.js:174:9)
    at /home/ubuntu/sigtuple-backend/node_modules/execa/index.js:278:16
    at processTicksAndRejections (internal/process/task_queues.js:95:5)
    at async Object.uninstallPlugin (/home/ubuntu/sigtuple-backend/node_modules/strapi-admin/controllers/admin.js:90:7)
    at async /home/ubuntu/sigtuple-backend/node_modules/strapi/lib/middlewares/router/utils/routerChecker.js:79:22
    at async /home/ubuntu/sigtuple-backend/node_modules/strapi-utils/lib/policy.js:68:5
    at async /home/ubuntu/sigtuple-backend/node_modules/strapi/lib/middlewares/parser/index.js:48:23
    at async /home/ubuntu/sigtuple-backend/node_modules/strapi/lib/middlewares/xss/index.js:26:9
[2021-11-29T14:34:38.372Z] debug DELETE /admin/plugins/uninstall/i18n (211507 ms) 400
[2021-11-29T14:34:39.630Z] debug GET /videos?type_eq=Presentation (68 ms) 404
[2021-11-29T14:34:39.664Z] debug GET /videos?type_eq=Shonit (76 ms) 404
[2021-11-29T14:34:39.701Z] debug GET /videos?type_eq=Shrava (45 ms) 404
[2021-11-29T14:34:39.923Z] debug GET /videos?type_eq=Presentation (57 ms) 404
[2021-11-29T14:34:40.025Z] debug GET /videos?type_eq=Shonit (79 ms) 404
[2021-11-29T14:34:40.049Z] debug GET /videos?type_eq=Shrava (52 ms) 404
[2021-11-29T14:34:40.086Z] debug GET /publications?_sort=updated_at:desc&_limit=10 (478 ms) 200
[2021-11-29T14:34:40.211Z] debug GET /clients (534 ms) 200
[2021-11-29T14:34:40.236Z] debug GET /blogs?_limit=5 (515 ms) 200
[2021-11-29T14:34:40.422Z] debug GET /publications?_sort=updated_at:desc&_limit=10 (88 ms) 200
[2021-11-29T14:34:40.799Z] debug GET /clients (342 ms) 200
[2021-11-29T14:34:40.858Z] debug GET /blogs?_limit=5 (352 ms) 200
[2021-11-29T14:35:04.456Z] debug GET index.html (95 ms) 200
[2021-11-29T14:35:04.796Z] debug GET /assets/images/logo_login.png (20 ms) 200
[2021-11-29T14:35:06.696Z] debug GET /admin (1 ms) 200
[2021-11-29T14:35:07.532Z] debug GET /admin/runtime~main.e591ad3f.js (4 ms) 200
[2021-11-29T14:35:07.540Z] debug GET /admin/main.ee3d694b.chunk.js (2 ms) 200
[2021-11-29T14:35:12.658Z] debug GET /admin/init (62 ms) 200
[2021-11-29T14:35:14.198Z] debug GET /admin/07109cdae9f760e8d97c89788c9dc9df.png (14 ms) 200
[2021-11-29T14:35:14.198Z] debug GET /admin/842e7845f3f8e943ff712a39617b6b70.svg (7 ms) 200
[2021-11-29T14:35:14.410Z] debug GET /admin/21b3848a32fce5b0f5014948186f6964.woff2 (2 ms) 200
[2021-11-29T14:35:14.415Z] debug GET /admin/75614cfcfedd509b1f7ac1c26c53bb7f.woff2 (3 ms) 200
[2021-11-29T14:35:14.424Z] debug GET /admin/a6069540692725c247f13984a9598a92.woff2 (6 ms) 200
[2021-11-29T14:35:17.945Z] debug GET /admin/ada6e6df937f7e5e8b790dfea07109b7.woff2 (2 ms) 200
[2021-11-29T14:35:19.874Z] debug POST /admin/login (343 ms) 200
[2021-11-29T14:35:20.370Z] debug GET /admin/information (228 ms) 200
[2021-11-29T14:35:20.410Z] debug GET /i18n/locales (277 ms) 200
[2021-11-29T14:35:20.491Z] debug GET /content-manager/content-types (109 ms) 200
[2021-11-29T14:35:20.854Z] debug GET /admin/users/me/permissions (124 ms) 200
[2021-11-29T14:35:21.225Z] debug GET /content-manager/components (131 ms) 200
[2021-11-29T14:35:21.361Z] debug GET /admin/6d20cff5b3255dd0078f935c34e2b882.woff2 (43 ms) 200
[2021-11-29T14:35:21.431Z] debug GET /admin/0063b2cc64d976ac36f211442466d0ac.png (61 ms) 200
[2021-11-29T14:35:21.524Z] debug GET /content-manager/content-types-settings (434 ms) 200
[2021-11-29T14:35:21.582Z] debug GET /content-manager/content-types (478 ms) 200
[2021-11-29T14:35:21.824Z] debug GET /admin/f46a81c3d1d3a648af68cffd4d0bba1d.png (4 ms) 200
[2021-11-29T14:35:21.859Z] debug GET /content-manager/content-types (52 ms) 200
[2021-11-29T14:35:21.867Z] debug GET /admin/a4234d384f7c58f2f5f90cfb08cee1e1.png (2 ms) 200
[2021-11-29T14:35:21.938Z] debug GET /admin/3dd22e0349b2d2a7b7c998ad0bdb03df.png (1 ms) 200
[2021-11-29T14:35:22.045Z] debug GET /admin/f16ac9b228b18810dd7cd6313764c007.png (1 ms) 200
[2021-11-29T14:35:22.077Z] debug GET /admin/7b77ea7e971bd3774dac8db799dfcef7.png (2 ms) 200
[2021-11-29T14:35:22.091Z] debug GET /admin/2fa5de8209723e8dc08c8aee4644da58.png (2 ms) 200
[2021-11-29T14:35:26.682Z] debug GET /content-type-builder/components (259 ms) 200
[2021-11-29T14:35:26.753Z] debug GET /content-type-builder/content-types (303 ms) 200
[2021-11-29T14:35:26.782Z] debug GET /content-type-builder/reserved-names (324 ms) 200
[2021-11-29T14:35:27.230Z] debug GET /admin/0.1e34b9c4.chunk.js (8 ms) 200
[2021-11-29T14:35:36.919Z] debug GET /upload/files?_limit=10&_start=0&_sort=updated_at:DESC (102 ms) 200
[2021-11-29T14:35:36.965Z] debug GET /upload/files/count? (56 ms) 200
[2021-11-29T14:36:01.561Z] debug GET /admin/e4202ad0171c05cbfd1e670ab43c94bc.svg (2 ms) 200
[2021-11-29T14:36:01.784Z] debug GET /admin/0ead657ede622c3ce55f2a36c25573a3.svg (2 ms) 200
[2021-11-29T14:36:01.785Z] debug GET /admin/6fa99a613e49ef745181ae511992bf0d.svg (2 ms) 200
[2021-11-29T14:36:01.797Z] debug GET /admin/3b67ff56ed70db100e6a5d8810931de4.svg (9 ms) 200
[2021-11-29T14:36:01.798Z] debug GET /admin/3478e10587b6b6437ee3158ec9cbd731.svg (9 ms) 200
[2021-11-29T14:36:01.799Z] debug GET /admin/139c7787110de0342b38be458f356d97.svg (7 ms) 200
[2021-11-29T14:36:06.538Z] debug GET /upload/files?_limit=10&_start=0&_sort=updated_at:DESC (241 ms) 200
[2021-11-29T14:36:06.554Z] debug GET /upload/files/count? (245 ms) 200
[2021-11-29T14:36:08.373Z] debug GET /content-type-builder/components (110 ms) 200
[2021-11-29T14:36:08.416Z] debug GET /content-type-builder/content-types (135 ms) 200
[2021-11-29T14:36:08.454Z] debug GET /content-type-builder/reserved-names (165 ms) 200
[2021-11-29T14:36:17.352Z] debug GET /upload/files/count? (86 ms) 200
[2021-11-29T14:36:17.452Z] debug GET /upload/files?_limit=10&_start=0&_sort=updated_at:DESC (177 ms) 200
[2021-11-29T14:36:18.471Z] debug GET /content-type-builder/components (62 ms) 200
[2021-11-29T14:36:18.639Z] debug GET /content-type-builder/content-types (222 ms) 200
[2021-11-29T14:36:18.699Z] debug GET /content-type-builder/reserved-names (42 ms) 200
[2021-11-29T14:36:22.677Z] debug GET /upload/files?_limit=10&_start=0&_sort=updated_at:DESC (102 ms) 200
[2021-11-29T14:36:22.681Z] debug GET /upload/files/count? (95 ms) 200
[2021-11-29T14:36:23.554Z] debug GET /content-type-builder/components (51 ms) 200
[2021-11-29T14:36:23.588Z] debug GET /content-type-builder/content-types (79 ms) 200
[2021-11-29T14:36:23.887Z] debug GET /content-type-builder/reserved-names (91 ms) 200
[2021-11-29T14:36:28.248Z] debug GET /upload/files/count? (67 ms) 200
[2021-11-29T14:36:28.316Z] debug GET /upload/files?_limit=10&_start=0&_sort=updated_at:DESC (126 ms) 200
[2021-11-29T14:36:43.309Z] debug GET /content-type-builder/components (6636 ms) 200
[2021-11-29T14:36:44.189Z] debug GET /content-type-builder/content-types (7297 ms) 200
[2021-11-29T14:36:44.364Z] error Error: Command failed: npm run strapi -- uninstall i18n -d
- Uninstalling dependencies
✔ Uninstalling dependencies
- Deleting old files
✔ Deleting old files
- Rebuilding admin UI
Command failed: npm run build
Browserslist: caniuse-lite is outdated. Please run:
npx browserslist@latest --update-db

Why you should do it regularly:
https://github.com/browserslist/browserslist#browsers-data-updating
Killed


> backend@0.1.0 build
> strapi build

Building your admin UI with development configuration ...
ℹ Compiling Webpack



> backend@0.1.0 strapi
> strapi "uninstall" "i18n" "-d"


    at makeError (/home/ubuntu/sigtuple-backend/node_modules/execa/index.js:174:9)
    at /home/ubuntu/sigtuple-backend/node_modules/execa/index.js:278:16
    at processTicksAndRejections (internal/process/task_queues.js:95:5)
    at async Object.uninstallPlugin (/home/ubuntu/sigtuple-backend/node_modules/strapi-admin/controllers/admin.js:90:7)
    at async /home/ubuntu/sigtuple-backend/node_modules/strapi/lib/middlewares/router/utils/routerChecker.js:79:22
    at async /home/ubuntu/sigtuple-backend/node_modules/strapi-utils/lib/policy.js:68:5
    at async /home/ubuntu/sigtuple-backend/node_modules/strapi/lib/middlewares/parser/index.js:48:23
    at async /home/ubuntu/sigtuple-backend/node_modules/strapi/lib/middlewares/xss/index.js:26:9
[2021-11-29T14:36:44.366Z] debug DELETE /admin/plugins/uninstall/i18n (399175 ms) 400
[2021-11-29T14:36:44.408Z] debug GET /content-type-builder/reserved-names (7287 ms) 200
[2021-11-29T14:36:44.531Z] debug GET /upload/files?_limit=10&_start=0&_sort=updated_at:DESC (1471 ms) 200
[2021-11-29T14:36:44.541Z] debug GET /upload/files/count? (1445 ms) 200
[2021-11-29T14:36:44.587Z] debug GET /content-type-builder/components (261 ms) 200
[2021-11-29T14:36:44.718Z] debug GET /content-type-builder/content-types (79 ms) 200
[2021-11-29T14:36:44.774Z] debug GET /content-type-builder/reserved-names (48 ms) 200
[2021-11-29T15:00:57.991Z] debug GET /admin/plugins/content-manager/collectionType/plugins::users-permissions.user/create (3 ms) 200
[2021-11-29T15:00:59.397Z] debug GET /admin/main.ee3d694b.chunk.js (1 ms) 200
[2021-11-29T15:01:00.060Z] debug GET /admin/runtime~main.e591ad3f.js (1 ms) 200
[2021-11-29T15:01:05.085Z] debug GET /admin/init (6 ms) 200
[2021-11-29T15:01:06.612Z] debug GET /admin/21b3848a32fce5b0f5014948186f6964.woff2 (1 ms) 200
[2021-11-29T15:01:06.663Z] debug GET /admin/07109cdae9f760e8d97c89788c9dc9df.png (1 ms) 200
[2021-11-29T15:01:06.691Z] debug GET /admin/75614cfcfedd509b1f7ac1c26c53bb7f.woff2 (2 ms) 200
[2021-11-29T15:01:06.708Z] debug GET /admin/a6069540692725c247f13984a9598a92.woff2 (1 ms) 200
[2021-11-29T15:01:06.897Z] debug GET /admin/842e7845f3f8e943ff712a39617b6b70.svg (1 ms) 200
[2021-11-29T18:27:27.759Z] debug GET application:application/admin/plugins/content-type-builder/content-types/application::blogs.blogs (2 ms) 200
[2021-11-29T18:27:28.181Z] debug GET /admin/runtime~main.e591ad3f.js (2 ms) 200
[2021-11-29T18:27:28.182Z] debug GET /admin/main.ee3d694b.chunk.js (2 ms) 200
[2021-11-29T18:27:28.526Z] debug GET /assets/images/logo_login.png (9 ms) 200
[2021-11-29T18:31:27.465Z] debug GET index.html (12 ms) 200
[2021-11-29T18:31:28.051Z] debug GET /assets/images/logo_login.png (1 ms) 200
[2021-11-29T18:31:29.706Z] debug GET /admin (1 ms) 200
[2021-11-29T18:31:29.976Z] debug GET /admin/runtime~main.e591ad3f.js (1 ms) 200
[2021-11-29T18:31:30.160Z] debug GET /admin/main.ee3d694b.chunk.js (1 ms) 200
[2021-11-29T18:31:46.495Z] debug GET /videos?type_eq=Presentation (2 ms) 404
[2021-11-29T18:31:46.508Z] debug GET /videos?type_eq=Shonit (9 ms) 404
[2021-11-29T18:31:46.509Z] debug GET /videos?type_eq=Shrava (4 ms) 404
[2021-11-29T18:31:46.548Z] debug GET /publications?_sort=updated_at:desc&_limit=10 (45 ms) 200
[2021-11-29T18:31:46.559Z] debug GET /clients (48 ms) 200
[2021-11-29T18:31:46.564Z] debug GET /blogs?_limit=5 (50 ms) 200
[2021-11-29T18:34:53.333Z] debug GET /admin (2 ms) 200
[2021-11-29T18:34:53.788Z] debug GET /admin/runtime~main.e591ad3f.js (2 ms) 200
[2021-11-29T18:34:53.815Z] debug GET /admin/main.ee3d694b.chunk.js (2 ms) 200
[2021-11-29T18:35:36.270Z] debug GET index.html (8 ms) 200
[2021-11-29T18:35:36.594Z] debug GET /assets/images/logo_login.png (1 ms) 200
[2021-11-29T18:35:36.873Z] debug GET /favicon.ico (0 ms) 200
[2021-11-29T18:35:54.529Z] debug GET /admin (1 ms) 200
[2021-11-29T18:35:54.818Z] debug GET /admin/runtime~main.e591ad3f.js (1 ms) 200
[2021-11-29T18:35:55.081Z] debug GET /admin/main.ee3d694b.chunk.js (2 ms) 200
[2021-11-29T18:36:10.867Z] debug GET /admin/init (2 ms) 200
[2021-11-29T18:36:11.314Z] debug GET /admin/842e7845f3f8e943ff712a39617b6b70.svg (1 ms) 200
[2021-11-29T18:36:11.316Z] debug GET /admin/07109cdae9f760e8d97c89788c9dc9df.png (1 ms) 200
[2021-11-29T18:36:11.582Z] debug GET /admin/75614cfcfedd509b1f7ac1c26c53bb7f.woff2 (4 ms) 200
[2021-11-29T18:36:11.593Z] debug GET /admin/a6069540692725c247f13984a9598a92.woff2 (1 ms) 200
[2021-11-29T18:36:11.601Z] debug GET /admin/21b3848a32fce5b0f5014948186f6964.woff2 (1 ms) 200
[2021-11-29T18:36:14.078Z] debug GET /admin (1 ms) 200
[2021-11-29T18:36:14.536Z] debug GET /admin/main.ee3d694b.chunk.js (1 ms) 200
[2021-11-29T18:36:14.568Z] debug GET /admin/runtime~main.e591ad3f.js (1 ms) 200
[2021-11-29T18:37:17.006Z] debug GET /admin (1 ms) 200
[2021-11-29T18:37:17.485Z] debug GET /admin/runtime~main.e591ad3f.js (2 ms) 200
[2021-11-29T18:37:17.492Z] debug GET /admin/main.ee3d694b.chunk.js (1 ms) 200
[2021-11-29T18:37:29.646Z] debug POST /admin/login (119 ms) 400
[2021-11-29T18:38:18.059Z] debug POST /admin/login (115 ms) 400
[2021-11-29T18:38:29.814Z] debug GET index.html (7 ms) 200
[2021-11-29T18:38:30.091Z] debug GET /assets/images/logo_login.png (6 ms) 200
[2021-11-29T18:38:32.132Z] debug GET /admin (1 ms) 200
[2021-11-29T18:38:32.381Z] debug GET /admin/runtime~main.e591ad3f.js (1 ms) 200
[2021-11-29T18:38:32.580Z] debug GET /admin/main.ee3d694b.chunk.js (2 ms) 200
[2021-11-29T18:38:48.571Z] debug POST /admin/login (113 ms) 400
[2021-11-29T18:38:49.772Z] debug POST /admin/login (117 ms) 400
[2021-11-29T18:38:51.707Z] debug GET /admin/ada6e6df937f7e5e8b790dfea07109b7.woff2 (2 ms) 200
[2021-11-29T18:38:56.630Z] debug POST /admin/login (121 ms) 400
[2021-11-29T18:38:57.220Z] debug POST /admin/login (112 ms) 400
[2021-11-29T18:39:45.669Z] debug GET /admin/plugins/content-type-builder (2 ms) 200
[2021-11-29T18:39:46.131Z] debug GET /admin/runtime~main.e591ad3f.js (2 ms) 200
[2021-11-29T18:39:46.168Z] debug GET /admin/main.ee3d694b.chunk.js (1 ms) 200
[2021-11-29T18:40:58.822Z] debug GET /videos?type_eq=Presentation (11 ms) 404
[2021-11-29T18:40:58.823Z] debug GET /videos?type_eq=Shonit (9 ms) 404
[2021-11-29T18:40:58.824Z] debug GET /videos?type_eq=Shrava (4 ms) 404
[2021-11-29T18:40:58.849Z] debug GET /publications?_sort=updated_at:desc&_limit=10 (33 ms) 200
[2021-11-29T18:40:58.885Z] debug GET /clients (52 ms) 200
[2021-11-29T18:40:58.890Z] debug GET /blogs?_limit=5 (47 ms) 200
[2021-11-29T18:41:34.089Z] debug GET /videos?type_eq=Presentation (1 ms) 404
[2021-11-29T18:41:34.100Z] debug GET /videos?type_eq=Shonit (3 ms) 404
[2021-11-29T18:41:34.101Z] debug GET /videos?type_eq=Shrava (2 ms) 404
[2021-11-29T18:41:34.148Z] debug GET /publications?_sort=updated_at:desc&_limit=10 (34 ms) 200
[2021-11-29T18:41:34.152Z] debug GET /clients (43 ms) 200
[2021-11-29T18:41:34.159Z] debug GET /blogs?_limit=5 (38 ms) 200
[2021-11-29T18:46:10.707Z] debug GET /videos?type_eq=Presentation (1 ms) 404
[2021-11-29T18:46:10.732Z] debug GET /videos?type_eq=Shrava (3 ms) 404
[2021-11-29T18:46:10.746Z] debug GET /videos?type_eq=Shonit (10 ms) 404
[2021-11-29T18:46:10.781Z] debug GET /publications?_sort=updated_at:desc&_limit=10 (42 ms) 200
[2021-11-29T18:46:10.793Z] debug GET /blogs?_limit=5 (44 ms) 200
[2021-11-29T18:46:10.796Z] debug GET /clients (43 ms) 200
[2021-11-29T18:46:46.983Z] debug GET /publications?_sort=updated_at:desc&_limit=6 (18 ms) 200
[2021-11-29T18:46:47.270Z] debug GET /publications/count?publish_at_gte=2021-01-01&publish_at_lte=2021-12-31 (8 ms) 200
[2021-11-29T18:48:46.704Z] debug GET /stories?year_in=2014&year_in=2015&year_in=2016 (23 ms) 200
[2021-11-29T18:48:46.731Z] debug GET /teams?_sort=created_at:asc&_limit=5 (22 ms) 200
[2021-11-29T18:48:53.992Z] debug GET /publications?_sort=updated_at:desc&_limit=6 (12 ms) 200
[2021-11-29T18:48:54.280Z] debug GET /publications/count?publish_at_gte=2021-01-01&publish_at_lte=2021-12-31 (8 ms) 200
[2021-11-29T18:52:46.659Z] debug GET /admin (0 ms) 200
[2021-11-29T18:52:46.924Z] debug GET /admin/runtime~main.e591ad3f.js (2 ms) 200
[2021-11-29T18:52:47.158Z] debug GET /admin/main.ee3d694b.chunk.js (1 ms) 200
[2021-11-29T18:53:39.198Z] debug GET /publications?_sort=updated_at:desc&_limit=6 (14 ms) 200
[2021-11-29T18:53:39.478Z] debug GET /publications/count?publish_at_gte=2021-01-01&publish_at_lte=2021-12-31 (10 ms) 200
[2021-11-29T18:54:26.117Z] debug GET /stories?year_in=2014&year_in=2015&year_in=2016 (15 ms) 200
[2021-11-29T18:54:26.389Z] debug GET /teams?_sort=created_at:asc&_limit=5 (19 ms) 200
[2021-11-29T18:58:25.618Z] debug GET index.html (10 ms) 200
[2021-11-29T18:58:25.919Z] debug GET /assets/images/logo_login.png (1 ms) 200
[2021-11-29T18:58:26.267Z] debug GET /favicon.ico (0 ms) 200
[2021-11-29T18:59:29.429Z] debug GET /admin (1 ms) 200
[2021-11-29T18:59:29.721Z] debug GET /admin/runtime~main.e591ad3f.js (4 ms) 200
[2021-11-29T18:59:29.723Z] debug GET /admin/main.ee3d694b.chunk.js (3 ms) 200
[2021-11-29T18:59:45.827Z] debug GET /admin/shallowequal.cjs.production.min.js.map (1 ms) 200
[2021-11-29T18:59:46.279Z] debug GET /admin/init (3 ms) 200
[2021-11-29T18:59:46.691Z] debug GET /admin/842e7845f3f8e943ff712a39617b6b70.svg (2 ms) 200
[2021-11-29T18:59:46.694Z] debug GET /admin/07109cdae9f760e8d97c89788c9dc9df.png (1 ms) 200
[2021-11-29T18:59:46.956Z] debug GET /admin/75614cfcfedd509b1f7ac1c26c53bb7f.woff2 (1 ms) 200
[2021-11-29T18:59:46.960Z] debug GET /admin/a6069540692725c247f13984a9598a92.woff2 (1 ms) 200
[2021-11-29T18:59:46.964Z] debug GET /admin/21b3848a32fce5b0f5014948186f6964.woff2 (2 ms) 200
[2021-11-29T19:00:06.742Z] debug POST /admin/renew-token (47 ms) 200
[2021-11-29T19:00:06.942Z] debug GET /admin/init (22 ms) 200
[2021-11-29T19:00:19.963Z] debug GET /admin/information (44 ms) 200
[2021-11-29T19:00:19.988Z] debug GET /i18n/locales (64 ms) 200
[2021-11-29T19:00:20.195Z] debug GET /content-manager/content-types (26 ms) 200
[2021-11-29T19:00:20.494Z] debug GET /admin/users/me/permissions (39 ms) 200
[2021-11-29T19:00:20.822Z] debug GET /content-manager/components (61 ms) 200
[2021-11-29T19:00:20.839Z] debug GET /content-manager/content-types (77 ms) 200
[2021-11-29T19:00:20.863Z] debug GET /content-manager/content-types-settings (110 ms) 200
[2021-11-29T19:00:22.058Z] debug GET /content-manager/content-types (21 ms) 200
[2021-11-29T19:00:31.661Z] debug GET /admin/f46a81c3d1d3a648af68cffd4d0bba1d.png (2 ms) 200
[2021-11-29T19:00:31.903Z] debug GET /admin/a4234d384f7c58f2f5f90cfb08cee1e1.png (1 ms) 200
[2021-11-29T19:00:32.144Z] debug GET /admin/2fa5de8209723e8dc08c8aee4644da58.png (1 ms) 200
[2021-11-29T19:00:32.381Z] debug GET /admin/f16ac9b228b18810dd7cd6313764c007.png (1 ms) 200
[2021-11-29T19:00:32.616Z] debug GET /admin/3dd22e0349b2d2a7b7c998ad0bdb03df.png (2 ms) 200
[2021-11-29T19:00:32.938Z] debug GET /admin/7b77ea7e971bd3774dac8db799dfcef7.png (1 ms) 200
[2021-11-29T19:00:35.734Z] debug POST /admin/login (113 ms) 400
[2021-11-29T19:00:52.346Z] debug POST /admin/login (126 ms) 200
[2021-11-29T19:00:52.670Z] debug GET /admin/information (23 ms) 200
[2021-11-29T19:00:52.702Z] debug GET /i18n/locales (28 ms) 200
[2021-11-29T19:00:52.941Z] debug GET /content-manager/content-types (21 ms) 200
[2021-11-29T19:00:53.258Z] debug GET /admin/users/me/permissions (34 ms) 200
[2021-11-29T19:00:53.604Z] debug GET /content-manager/components (63 ms) 200
[2021-11-29T19:00:53.764Z] debug GET /content-manager/content-types-settings (227 ms) 200
[2021-11-29T19:00:53.781Z] debug GET /content-manager/content-types (235 ms) 200
[2021-11-29T19:00:53.807Z] debug GET /admin/6d20cff5b3255dd0078f935c34e2b882.woff2 (1 ms) 200
[2021-11-29T19:00:53.817Z] debug GET /admin/ada6e6df937f7e5e8b790dfea07109b7.woff2 (1 ms) 200
[2021-11-29T19:00:53.881Z] debug GET /admin/0063b2cc64d976ac36f211442466d0ac.png (1 ms) 200
[2021-11-29T19:00:54.064Z] debug GET /admin/a4234d384f7c58f2f5f90cfb08cee1e1.png (2 ms) 200
[2021-11-29T19:00:54.083Z] debug GET /content-manager/content-types (30 ms) 200
[2021-11-29T19:00:54.086Z] debug GET /admin/f46a81c3d1d3a648af68cffd4d0bba1d.png (2 ms) 200
[2021-11-29T19:00:54.347Z] debug GET /admin/7b77ea7e971bd3774dac8db799dfcef7.png (2 ms) 200
[2021-11-29T19:00:54.362Z] debug GET /admin/f16ac9b228b18810dd7cd6313764c007.png (4 ms) 200
[2021-11-29T19:00:54.365Z] debug GET /admin/2fa5de8209723e8dc08c8aee4644da58.png (3 ms) 200
[2021-11-29T19:00:54.435Z] debug GET /admin/3dd22e0349b2d2a7b7c998ad0bdb03df.png (1 ms) 200
[2021-11-29T19:01:00.954Z] debug GET /admin/75614cfcfedd509b1f7ac1c26c53bb7f.woff2 (1 ms) 200
[2021-11-29T19:01:00.962Z] debug GET /admin/6d20cff5b3255dd0078f935c34e2b882.woff2 (1 ms) 200
[2021-11-29T19:01:00.969Z] debug GET /admin/a6069540692725c247f13984a9598a92.woff2 (1 ms) 200
[2021-11-29T19:01:00.972Z] debug GET /admin/21b3848a32fce5b0f5014948186f6964.woff2 (1 ms) 200
[2021-11-29T19:01:00.975Z] debug GET /admin/ada6e6df937f7e5e8b790dfea07109b7.woff2 (1 ms) 200
[2021-11-29T19:01:00.978Z] debug GET /admin/0063b2cc64d976ac36f211442466d0ac.png (1 ms) 200
[2021-11-29T19:01:53.423Z] debug GET /admin/e4202ad0171c05cbfd1e670ab43c94bc.svg (2 ms) 200
[2021-11-29T19:01:53.439Z] debug GET /admin/3478e10587b6b6437ee3158ec9cbd731.svg (1 ms) 200
[2021-11-29T19:01:53.442Z] debug GET /admin/6fa99a613e49ef745181ae511992bf0d.svg (2 ms) 200
[2021-11-29T19:01:53.445Z] debug GET /admin/0ead657ede622c3ce55f2a36c25573a3.svg (1 ms) 200
[2021-11-29T19:01:53.454Z] debug GET /admin/3b67ff56ed70db100e6a5d8810931de4.svg (1 ms) 200
[2021-11-29T19:01:53.465Z] debug GET /admin/139c7787110de0342b38be458f356d97.svg (1 ms) 200
[2021-11-29T19:01:59.513Z] debug GET /content-type-builder/components (24 ms) 200
[2021-11-29T19:01:59.543Z] debug GET /content-type-builder/reserved-names (26 ms) 200
[2021-11-29T19:01:59.562Z] debug GET /content-type-builder/content-types (42 ms) 200
[2021-11-29T19:01:59.861Z] debug GET /admin/0.1e34b9c4.chunk.js (1 ms) 200
[2021-11-29T19:02:40.459Z] debug GET /content-manager/components (24 ms) 200
[2021-11-29T19:02:40.724Z] debug GET /content-manager/content-types (21 ms) 200
[2021-11-29T19:02:41.023Z] debug GET /content-manager/content-types/application::blogs.blogs/configuration (23 ms) 200
[2021-11-29T19:02:49.497Z] debug GET /content-type-builder/components (32 ms) 200
[2021-11-29T19:02:49.524Z] debug GET /content-type-builder/content-types (53 ms) 200
[2021-11-29T19:02:49.539Z] debug GET /content-type-builder/reserved-names (66 ms) 200
[2021-11-29T19:06:40.832Z] debug GET /upload/files?_limit=10&_start=0&_sort=updated_at:DESC (39 ms) 200
[2021-11-29T19:06:40.859Z] debug GET /upload/files/count? (33 ms) 200
[2021-11-29T19:06:54.564Z] debug GET /content-type-builder/components (29 ms) 200
[2021-11-29T19:06:54.813Z] debug GET /content-type-builder/content-types (22 ms) 200
[2021-11-29T19:06:54.846Z] debug GET /content-type-builder/reserved-names (31 ms) 200
[2021-11-29T19:06:59.321Z] debug GET /upload/files/count? (29 ms) 200
[2021-11-29T19:06:59.339Z] debug GET /upload/files?_limit=10&_start=0&_sort=updated_at:DESC (41 ms) 200
[2021-11-29T19:07:00.300Z] debug GET /content-type-builder/content-types (26 ms) 200
[2021-11-29T19:07:00.434Z] debug GET /content-type-builder/components (156 ms) 200
[2021-11-29T19:07:00.571Z] debug GET /content-type-builder/reserved-names (19 ms) 200
[2021-11-29T19:07:06.008Z] debug GET /upload/files/count? (28 ms) 200
[2021-11-29T19:07:06.133Z] debug GET /upload/files?_limit=10&_start=0&_sort=updated_at:DESC (24 ms) 200
[2021-11-29T19:07:06.983Z] debug GET /content-type-builder/content-types (27 ms) 200
[2021-11-29T19:07:06.998Z] debug GET /content-type-builder/components (38 ms) 200
[2021-11-29T19:07:07.258Z] debug GET /content-type-builder/reserved-names (22 ms) 200
[2021-11-29T19:07:14.444Z] debug GET /upload/files?_limit=10&_start=0&_sort=updated_at:DESC (32 ms) 200
[2021-11-29T19:07:14.460Z] debug GET /upload/files/count? (42 ms) 200
[2021-11-29T19:07:15.195Z] debug GET /content-type-builder/components (38 ms) 200
[2021-11-29T19:07:15.213Z] debug GET /content-type-builder/content-types (52 ms) 200
[2021-11-29T19:07:15.231Z] debug GET /content-type-builder/reserved-names (33 ms) 200
[2021-11-29T19:07:25.089Z] debug GET /upload/files?_limit=10&_start=0&_sort=updated_at:DESC (35 ms) 200
[2021-11-29T19:07:25.111Z] debug GET /upload/files/count? (47 ms) 200
[2021-11-29T19:07:26.243Z] debug GET /content-type-builder/components (33 ms) 200
[2021-11-29T19:07:26.372Z] debug GET /content-type-builder/content-types (159 ms) 200
[2021-11-29T19:07:26.400Z] debug GET /content-type-builder/reserved-names (183 ms) 200
