0 verbose cli [ '/usr/bin/node', '/usr/bin/npm', 'run', 'develop' ]
1 info using npm@8.0.0
2 info using node@v14.17.2
3 timing npm:load:whichnode Completed in 0ms
4 timing config:load:defaults Completed in 2ms
5 timing config:load:file:/usr/lib/node_modules/npm/npmrc Completed in 3ms
6 timing config:load:builtin Completed in 3ms
7 timing config:load:cli Completed in 1ms
8 timing config:load:env Completed in 1ms
9 timing config:load:project Completed in 1ms
10 timing config:load:file:/home/ubuntu/.npmrc Completed in 0ms
11 timing config:load:user Completed in 0ms
12 timing config:load:file:/usr/etc/npmrc Completed in 0ms
13 timing config:load:global Completed in 0ms
14 timing config:load:validate Completed in 1ms
15 timing config:load:credentials Completed in 2ms
16 timing config:load:setEnvs Completed in 1ms
17 timing config:load Completed in 12ms
18 timing npm:load:configload Completed in 12ms
19 timing npm:load:setTitle Completed in 0ms
20 timing npm:load:setupLog Completed in 1ms
21 timing config:load:flatten Completed in 3ms
22 timing npm:load:cleanupLog Completed in 3ms
23 timing npm:load:configScope Completed in 0ms
24 timing npm:load:projectScope Completed in 0ms
25 timing npm:load Completed in 21ms
26 timing command:run-script Completed in 2ms
27 verbose stack Error: ENOENT: no such file or directory, open '/home/ubuntu/package.json'
28 verbose cwd /home/ubuntu
29 verbose Linux 5.11.0-1021-aws
30 verbose argv "/usr/bin/node" "/usr/bin/npm" "run" "develop"
31 verbose node v14.17.2
32 verbose npm  v8.0.0
33 error code ENOENT
34 error syscall open
35 error path /home/ubuntu/package.json
36 error errno -2
37 error enoent ENOENT: no such file or directory, open '/home/ubuntu/package.json'
38 error enoent This is related to npm not being able to find a file.
39 verbose exit -2
